::1 - - [16/Feb/2025:09:08:55 +0000] "POST /api/v1/categories/12 HTTP/1.1" 200 71 "-" "PostmanRuntime/7.43.0"
::1 - - [16/Feb/2025:09:08:59 +0000] "DELETE /api/v1/categories/12 HTTP/1.1" 200 66 "-" "PostmanRuntime/7.43.0"
::1 - - [16/Feb/2025:09:09:16 +0000] "PUT /api/v1/categories/12 HTTP/1.1" 200 70 "-" "PostmanRuntime/7.43.0"
::1 - - [16/Feb/2025:09:33:18 +0000] "GET / HTTP/1.1" 404 139 "-" "PostmanRuntime/7.43.0"
::1 - - [16/Feb/2025:09:33:45 +0000] "GET /api/v1/categories HTTP/1.1" 200 127 "-" "PostmanRuntime/7.43.0"
::1 - - [16/Feb/2025:09:37:36 +0000] "GET /api/v1/categories/12 HTTP/1.1" 200 62 "-" "PostmanRuntime/7.43.0"
::1 - - [16/Feb/2025:09:39:30 +0000] "POST /api/v1/categories/ HTTP/1.1" 200 78 "-" "PostmanRuntime/7.43.0"
::1 - - [16/Feb/2025:09:40:31 +0000] "POST /api/v1/categories/ HTTP/1.1" 200 69 "-" "PostmanRuntime/7.43.0"
::1 - - [16/Feb/2025:09:41:22 +0000] "PUT /api/v1/categories/ HTTP/1.1" 404 157 "-" "PostmanRuntime/7.43.0"
::1 - - [16/Feb/2025:09:41:28 +0000] "PUT /api/v1/categories/12 HTTP/1.1" 200 70 "-" "PostmanRuntime/7.43.0"
::1 - - [16/Feb/2025:09:41:43 +0000] "PUT /api/v1/categories/12 HTTP/1.1" 200 70 "-" "PostmanRuntime/7.43.0"
::1 - - [16/Feb/2025:09:54:13 +0000] "DELETE /api/v1/categories/12 HTTP/1.1" 200 66 "-" "PostmanRuntime/7.43.0"
::1 - - [16/Feb/2025:13:52:11 +0000] "POST /api/v1/categories/ HTTP/1.1" 200 69 "-" "PostmanRuntime/7.43.0"
::1 - - [16/Feb/2025:14:03:30 +0000] "POST /api/v1/categories/ HTTP/1.1" 200 69 "-" "PostmanRuntime/7.43.0"
::1 - - [16/Feb/2025:14:04:08 +0000] "POST /api/v1/categories/ HTTP/1.1" 200 69 "-" "PostmanRuntime/7.43.0"
::1 - - [16/Feb/2025:14:07:37 +0000] "POST /api/v1/categories/ HTTP/1.1" 200 69 "-" "PostmanRuntime/7.43.0"
::1 - - [16/Feb/2025:14:07:49 +0000] "POST /api/v1/categories/ HTTP/1.1" 200 69 "-" "PostmanRuntime/7.43.0"
::1 - - [16/Feb/2025:14:07:55 +0000] "POST /api/v1/categories/ HTTP/1.1" 200 69 "-" "PostmanRuntime/7.43.0"
::1 - - [16/Feb/2025:14:13:40 +0000] "POST /api/v1/categories/ HTTP/1.1" 400 552 "-" "PostmanRuntime/7.43.0"
::1 - - [16/Feb/2025:14:15:29 +0000] "POST /api/v1/categories/ HTTP/1.1" 200 235 "-" "PostmanRuntime/7.43.0"
::1 - - [16/Feb/2025:14:17:13 +0000] "POST /api/v1/categories/ HTTP/1.1" 400 370 "-" "PostmanRuntime/7.43.0"
::1 - - [16/Feb/2025:14:24:34 +0000] "POST /api/v1/categories/ HTTP/1.1" 400 370 "-" "PostmanRuntime/7.43.0"
::1 - - [16/Feb/2025:14:24:40 +0000] "POST /api/v1/categories/ HTTP/1.1" 200 235 "-" "PostmanRuntime/7.43.0"
