GET /api/v1/categories 200 1419 - 1552.607 ms
GET /api/v1/books 200 10983 - 1512.579 ms
GET /api/v1/categories 200 1419 - 373.653 ms
GET /api/v1/books/67ebb602fbb6311b6bb8ec0e 404 81 - 161.178 ms
GET /api/v1/books/5e96cc1ba816c94e009a9c9e 404 81 - 225.073 ms
GET /api/v1/categories/5e90434cd433fa11b078ed8a/books?select=name%20price&sort=-price&price[$lt]=30000&page=1 200 1083 - 480.170 ms
GET /api/v1/categories/5e90434cd433fa11b078ed8a/books?select=name%20price&sort=-price&price[$lt]=30000&page=9 200 134 - 335.405 ms
GET /api/v1/categories/5e90434cd433fa11b078ed8a/books?select=name%20price&sort=-price&price[$lt]=30000&page=2 200 1077 - 470.412 ms
GET /api/v1/categories 200 1419 - 309.756 ms
GET /api/v1/categories 200 33670 - 628.019 ms
GET /api/v1/categories 200 8137 - 947.207 ms
GET /api/v1/categories/5e90478549941f52dcb01b34/books?select=name%20price&sort=-price&price[$lt]=60000&page=2 200 1118 - 456.246 ms
GET /api/v1/categories/5e90478549941f52dcb01b34/books 200 3207 - 469.255 ms
GET /api/v1/categories?select=name%20averagePrice%20averageRating&sort=averageRating%20-averagePrice&limit=2&page=1 200 2963 - 606.179 ms
GET /api/v1/categories/5e90434cd433fa11b078ed8a/books?select=name%20price&sort=-price&price[$lt]=30000&page=2 200 1077 - 455.532 ms
GET /api/v1/categories/5e90434cd433fa11b078ed8a/books?select=name%20price&sort=-price&price[$lt]=1000&page=2 200 131 - 303.378 ms
GET /api/v1/categories/5e90434cd433fa11b078ed8a/books?select=name%20price&sort=-price&price[$gt]=1000&page=2 200 1077 - 461.828 ms
GET /api/v1/categories/5e90434cd433fa11b078ed8a/books?select=name%20price&sort=-price&price[$gt]=5800&page=2 200 590 - 461.279 ms
GET /api/v1/books 200 10983 - 457.663 ms
GET /api/v1/books/67ebb602fbb6311b6bb8ec0e 404 81 - 154.366 ms
GET /api/v1/books/5e96cc1ba816c94e009a9c9e 404 81 - 150.111 ms
GET /api/v1/books/68285c9089b69e84870728cf 200 2077 - 303.259 ms
POST /api/v1/books/ 500 41 - 6.595 ms
POST /api/v1/users/login/ 200 323 - 283.335 ms
POST /api/v1/books/ 200 836 - 338.217 ms
POST /api/v1/users/register 200 438 - 271.036 ms
PUT /api/v1/books/67ebb602fbb6311b6bb8ec0f 403 154 - 4.737 ms
POST /api/v1/users/login/ 200 323 - 255.106 ms
PUT /api/v1/books/67ebb602fbb6311b6bb8ec0f 400 84 - 155.219 ms
DELETE /api/v1/books/68285c9089b69e84870728cf 200 1897 - 478.129 ms
GET /api/v1/books 200 11272 - 459.648 ms
PUT /api/v1/books/68285c9089b69e84870728d0/photo 500 80 - 156.527 ms
PUT /api/v1/books/68285c9089b69e84870728d0/photo 200 60 - 158.716 ms
GET /api/v1/books/68285c9089b69e84870728d0 200 2184 - 301.362 ms
GET /api/v1/books?select=name%20price&sort=price&price[$gt]=20000 200 2387 - 464.310 ms
GET /api/v1/users/68235186bf375c46f3ba3c54/books 200 9186 - 466.776 ms
POST /api/v1/users/forgot-password 200 72 - 1415.998 ms
GET /api/v1/users/ 500 41 - 4.409 ms
POST /api/v1/users/login/ 200 323 - 432.327 ms
GET /api/v1/users/ 200 1076 - 448.006 ms
GET /api/v1/users/68235149bf375c46f3ba3c52 500 41 - 2.362 ms
GET /api/v1/users/68235149bf375c46f3ba3c52 500 41 - 2.854 ms
POST /api/v1/users/login/ 200 323 - 400.795 ms
GET /api/v1/users/68235149bf375c46f3ba3c52 200 119 - 159.035 ms
GET /api/v1/users/68235149bf375c46f3ba3c52 500 41 - 2.795 ms
GET /api/v1/users/68235149bf375c46f3ba3c52 500 41 - 3.091 ms
POST /api/v1/users/login/ 200 323 - 405.175 ms
GET /api/v1/users/68235149bf375c46f3ba3c52 200 119 - 224.101 ms
GET /api/v1/users/68235186bf375c46f3ba3c54/books 500 41 - 2.659 ms
GET /api/v1/users/68235186bf375c46f3ba3c54/books 500 41 - 2.405 ms
GET /api/v1/users/68235186bf375c46f3ba3c54/books 500 41 - 1.869 ms
GET /api/v1/users/68235186bf375c46f3ba3c54/books 200 9186 - 1648.255 ms
GET /api/v1/categories/5e90478549941f52dcb01b34 200 1393 - 606.474 ms
GET /api/v1/categories 200 8144 - 890.548 ms
GET /api/v1/categories/5e90434cd433fa11b078ed8a 200 1914 - 362.594 ms
GET /api/v1/categories/5e90434cd433fa11b078ed8a 200 8906 - 379.426 ms
