::1 - - [26/Feb/2025:16:16:11 +0000] "GET /api/v1/categories?select=name%20slug%20avaragePrice%20averageRating&averageRating[$gt]=4&sort=-avarageRating%20-avaragePrice HTTP/1.1" 200 705 "-" "PostmanRuntime/7.43.0"
::1 - - [26/Feb/2025:16:16:49 +0000] "GET /api/v1/categories?select=name%20slug%20avaragePrice%20averageRating&averageRating[$gt]=4&sort=-avarageRating%20-avaragePrice HTTP/1.1" 200 26 "-" "PostmanRuntime/7.43.0"
::1 - - [26/Feb/2025:16:17:11 +0000] "GET /api/v1/categories?select=name%20slug%20avaragePrice%20averageRating&averageRating[$gt]=4&sort=-avarageRating%20-avaragePrice HTTP/1.1" 200 26 "-" "PostmanRuntime/7.43.0"
::1 - - [26/Feb/2025:16:17:28 +0000] "GET /api/v1/categories?select=name%20slug%20avaragePrice%20averageRating&averageRating[$gt]=4&sort=-avarageRating%20-avaragePrice HTTP/1.1" 200 467 "-" "PostmanRuntime/7.43.0"
::1 - - [26/Feb/2025:16:17:58 +0000] "GET /api/v1/categories?select=name%20slug%20avaragePrice%20averageRating&averageRating[$gt]=4&sort=avarageRating%20-avaragePrice HTTP/1.1" 200 467 "-" "PostmanRuntime/7.43.0"
::1 - - [26/Feb/2025:16:18:08 +0000] "GET /api/v1/categories?select=name%20slug%20avaragePrice%20averageRating&averageRating[$gt]=4&sort=averageRating%20-avaragePrice HTTP/1.1" 200 467 "-" "PostmanRuntime/7.43.0"
::1 - - [26/Feb/2025:16:18:19 +0000] "GET /api/v1/categories?select=name%20slug%20avaragePrice%20averageRating&averageRating[$gt]=4&sort=averageRating%20avaragePrice HTTP/1.1" 200 467 "-" "PostmanRuntime/7.43.0"
::1 - - [26/Feb/2025:16:18:51 +0000] "GET /api/v1/categories?select=name%20slug%20avaragePrice%20averageRating&averageRating[$gt]=4&sort=averageRating%20averagePrice HTTP/1.1" 200 467 "-" "PostmanRuntime/7.43.0"
::1 - - [26/Feb/2025:16:19:02 +0000] "GET /api/v1/categories?select=name%20slug%20avaragePrice%20averageRating&averageRating[$gt]=4&sort=averageRating%20avaragePrice HTTP/1.1" 200 467 "-" "PostmanRuntime/7.43.0"
::1 - - [26/Feb/2025:16:19:11 +0000] "GET /api/v1/categories?select=name%20slug%20avaragePrice%20averageRating&averageRating[$gt]=4&sort=averageRating%20averagePrice HTTP/1.1" 200 467 "-" "PostmanRuntime/7.43.0"
::1 - - [26/Feb/2025:16:19:21 +0000] "GET /api/v1/categories?select=name%20slug%20avaragePrice%20averageRating&averageRating[$gt]=4&sort=averageRating%20-averagePrice HTTP/1.1" 200 467 "-" "PostmanRuntime/7.43.0"
::1 - - [26/Feb/2025:16:19:29 +0000] "GET /api/v1/categories?select=name%20slug%20avaragePrice%20averageRating&averageRating[$gt]=4&sort=averageRating%20-avaragePrice HTTP/1.1" 200 467 "-" "PostmanRuntime/7.43.0"
::1 - - [26/Feb/2025:16:19:43 +0000] "GET /api/v1/categories?select=name%20slug%20avaragePrice%20averageRating&averageRating[$gt]=4&sort=averageRating%20avaragePrice HTTP/1.1" 200 467 "-" "PostmanRuntime/7.43.0"
::1 - - [26/Feb/2025:16:20:01 +0000] "GET /api/v1/categories?select=name%20slug%20avaragePrice%20averageRating&averageRating[$gt]=4&sort=averageRating%20averagePrice HTTP/1.1" 200 467 "-" "PostmanRuntime/7.43.0"
::1 - - [26/Feb/2025:16:20:44 +0000] "GET /api/v1/categories?select=name%20slug%20avaragePrice%20averageRating&averageRating[$gt]=4&sort=averageRating&averagePrice[$lt]=9000 HTTP/1.1" 200 26 "-" "PostmanRuntime/7.43.0"
::1 - - [26/Feb/2025:16:21:07 +0000] "GET /api/v1/categories?select=name%20slug%20avaragePrice%20averageRating&averageRating[$gt]=4&sort=averageRating&averagePrice[$lt]=9000&sort=averagePrice HTTP/1.1" 500 28 "-" "PostmanRuntime/7.43.0"
::1 - - [26/Feb/2025:16:23:41 +0000] "GET /api/v1/categories?select=name%20slug%20avaragePrice%20averageRating&averageRating[$gt]=4&sort=averageRating HTTP/1.1" 200 467 "-" "PostmanRuntime/7.43.0"
::1 - - [26/Feb/2025:16:23:50 +0000] "GET /api/v1/categories?select=name%20slug%20avaragePrice%20averageRating&averageRating[$gt]=4&sort=averageRating%20averagePrice HTTP/1.1" 200 467 "-" "PostmanRuntime/7.43.0"
::1 - - [26/Feb/2025:16:23:54 +0000] "GET /api/v1/categories?select=name%20slug%20avaragePrice%20averageRating&averageRating[$gt]=4&sort=averageRating%20-averagePrice HTTP/1.1" 200 467 "-" "PostmanRuntime/7.43.0"
::1 - - [26/Feb/2025:16:26:25 +0000] "GET /api/v1/categories?avaragePrice[$lt]=10000&averageRating[$gte]=7 HTTP/1.1" 200 230 "-" "PostmanRuntime/7.43.0"
::1 - - [26/Feb/2025:16:26:35 +0000] "GET /api/v1/categories?select=name%20slug%20avaragePrice%20averageRating&averageRating[$gt]=4&sort=averageRating%20-averagePrice HTTP/1.1" 200 467 "-" "PostmanRuntime/7.43.0"
::1 - - [26/Feb/2025:16:27:14 +0000] "GET /api/v1/categories?select=name%20slug%20avaragePrice%20averageRating&averageRating[$gt]=4&sort=-averageRating%20averagePrice%0A HTTP/1.1" 200 467 "-" "PostmanRuntime/7.43.0"
::1 - - [26/Feb/2025:16:27:38 +0000] "GET /api/v1/categories?select=name%20slug%20avaragePrice%20averageRating&averageRating[$gt]=4&sort=averageRating%20averagePrice%0A HTTP/1.1" 200 467 "-" "PostmanRuntime/7.43.0"
::1 - - [26/Feb/2025:16:28:04 +0000] "GET /api/v1/categories?select=name%20slug%20avaragePrice%20averageRating&averageRating[$gt]=4&sort=averageRating%20averagePrice HTTP/1.1" 200 467 "-" "PostmanRuntime/7.43.0"
::1 - - [26/Feb/2025:16:54:22 +0000] "POST /api/v1/categories?name=%D0%A3%D1%80%D0%B0%D0%BD_&averagePrice=10000 HTTP/1.1" 200 254 "-" "PostmanRuntime/7.43.0"
::1 - - [26/Feb/2025:16:55:09 +0000] "POST /api/v1/categories?name=%D0%A3%D1%80%D0%B0%D0%BD_&averagePrice=10000 HTTP/1.1" 400 458 "-" "PostmanRuntime/7.43.0"
::1 - - [26/Feb/2025:16:55:14 +0000] "GET /api/v1/categories/67b1f3010fffb5734b7bd112 HTTP/1.1" 400 44 "-" "PostmanRuntime/7.43.0"
::1 - - [26/Feb/2025:16:59:59 +0000] "GET /api/v1/categories?select=name%20slug%20avaragePrice%20averageRating&averageRating[$gt]=4&sort=averageRating%20averagePrice HTTP/1.1" 200 566 "-" "PostmanRuntime/7.43.0"
::1 - - [26/Feb/2025:17:00:00 +0000] "GET /api/v1/categories?select=name%20slug%20avaragePrice%20averageRating&averageRating[$gt]=4&sort=averageRating%20averagePrice HTTP/1.1" 200 566 "-" "PostmanRuntime/7.43.0"
::1 - - [26/Feb/2025:17:02:42 +0000] "GET /api/v1/categories?averagePrice[$gte]=10000 HTTP/1.1" 200 26 "-" "PostmanRuntime/7.43.0"
::1 - - [26/Feb/2025:17:02:50 +0000] "GET /api/v1/categories?averagePrice[$gte]=5000 HTTP/1.1" 200 26 "-" "PostmanRuntime/7.43.0"
::1 - - [26/Feb/2025:17:03:01 +0000] "GET /api/v1/categories HTTP/1.1" 200 1126 "-" "PostmanRuntime/7.43.0"
::1 - - [26/Feb/2025:17:03:14 +0000] "GET /api/v1/categories?averagePrice[$gte]=5000 HTTP/1.1" 200 26 "-" "PostmanRuntime/7.43.0"
::1 - - [26/Feb/2025:17:03:18 +0000] "GET /api/v1/categories?averagePrice[$gte]=1000 HTTP/1.1" 200 26 "-" "PostmanRuntime/7.43.0"
::1 - - [26/Feb/2025:17:03:29 +0000] "GET /api/v1/categories HTTP/1.1" 200 1126 "-" "PostmanRuntime/7.43.0"
::1 - - [26/Feb/2025:17:03:37 +0000] "GET /api/v1/categories?averagePrice[$gt]=1000 HTTP/1.1" 200 26 "-" "PostmanRuntime/7.43.0"
::1 - - [26/Feb/2025:17:03:39 +0000] "GET /api/v1/categories?averagePrice[$gt]=1000 HTTP/1.1" 200 26 "-" "PostmanRuntime/7.43.0"
::1 - - [26/Feb/2025:17:11:20 +0000] "GET /api/v1/categories?averagePrice[$gt]=1000 HTTP/1.1" 200 26 "-" "PostmanRuntime/7.43.0"
::1 - - [26/Feb/2025:17:11:31 +0000] "GET /api/v1/categories?averagePrice[$gt]=1000 HTTP/1.1" 200 26 "-" "PostmanRuntime/7.43.0"
::1 - - [26/Feb/2025:17:11:35 +0000] "GET /api/v1/categories? HTTP/1.1" 200 814 "-" "PostmanRuntime/7.43.0"
::1 - - [26/Feb/2025:17:12:13 +0000] "POST /api/v1/categories?averagePrice=10000 HTTP/1.1" 200 237 "-" "PostmanRuntime/7.43.0"
::1 - - [26/Feb/2025:17:13:04 +0000] "POST /api/v1/categories?averagePrice=10000 HTTP/1.1" 200 234 "-" "PostmanRuntime/7.43.0"
::1 - - [26/Feb/2025:17:13:47 +0000] "POST /api/v1/categories?averagePrice=10000 HTTP/1.1" 200 191 "-" "PostmanRuntime/7.43.0"
::1 - - [26/Feb/2025:17:14:39 +0000] "POST /api/v1/categories?averagePrice=10000 HTTP/1.1" 400 419 "-" "PostmanRuntime/7.43.0"
::1 - - [26/Feb/2025:17:14:46 +0000] "POST /api/v1/categories?averagePrice=10000 HTTP/1.1" 200 213 "-" "PostmanRuntime/7.43.0"
::1 - - [26/Feb/2025:17:14:52 +0000] "GET /api/v1/categories? HTTP/1.1" 200 1597 "-" "PostmanRuntime/7.43.0"
::1 - - [26/Feb/2025:17:15:26 +0000] "GET /api/v1/categories? HTTP/1.1" 200 26 "-" "PostmanRuntime/7.43.0"
::1 - - [26/Feb/2025:17:15:36 +0000] "POST /api/v1/categories?averagePrice=10000 HTTP/1.1" 200 212 "-" "PostmanRuntime/7.43.0"
::1 - - [26/Feb/2025:17:15:52 +0000] "POST /api/v1/categories HTTP/1.1" 200 216 "-" "PostmanRuntime/7.43.0"
::1 - - [26/Feb/2025:17:16:01 +0000] "POST /api/v1/categories HTTP/1.1" 200 221 "-" "PostmanRuntime/7.43.0"
::1 - - [26/Feb/2025:17:16:10 +0000] "POST /api/v1/categories HTTP/1.1" 200 218 "-" "PostmanRuntime/7.43.0"
::1 - - [26/Feb/2025:17:16:17 +0000] "POST /api/v1/categories HTTP/1.1" 200 217 "-" "PostmanRuntime/7.43.0"
::1 - - [26/Feb/2025:17:16:28 +0000] "POST /api/v1/categories HTTP/1.1" 200 230 "-" "PostmanRuntime/7.43.0"
::1 - - [26/Feb/2025:17:16:32 +0000] "GET /api/v1/categories? HTTP/1.1" 200 1201 "-" "PostmanRuntime/7.43.0"
::1 - - [26/Feb/2025:17:16:55 +0000] "GET /api/v1/categories?averagePrice[$gte]=1000 HTTP/1.1" 200 1201 "-" "PostmanRuntime/7.43.0"
::1 - - [26/Feb/2025:17:16:57 +0000] "GET /api/v1/categories?averagePrice[$gte]=10000 HTTP/1.1" 200 614 "-" "PostmanRuntime/7.43.0"
::1 - - [26/Feb/2025:17:18:59 +0000] "GET /api/v1/categories?averagePrice[$lt]=10000 HTTP/1.1" 200 612 "-" "PostmanRuntime/7.43.0"
::1 - - [26/Feb/2025:17:19:42 +0000] "GET /api/v1/categories?averagePrice[$lt]=10000&averageRating[$gt]=6 HTTP/1.1" 200 220 "-" "PostmanRuntime/7.43.0"
::1 - - [26/Feb/2025:17:19:49 +0000] "GET /api/v1/categories?averagePrice[$lt]=10000&averageRating[$gt]=3 HTTP/1.1" 200 414 "-" "PostmanRuntime/7.43.0"
::1 - - [26/Feb/2025:17:19:54 +0000] "GET /api/v1/categories?averagePrice[$lt]=10000&averageRating[$gt]=1 HTTP/1.1" 200 414 "-" "PostmanRuntime/7.43.0"
::1 - - [26/Feb/2025:17:19:58 +0000] "GET /api/v1/categories?averagePrice[$lt]=10000&averageRating[$gt]=2 HTTP/1.1" 200 414 "-" "PostmanRuntime/7.43.0"
::1 - - [26/Feb/2025:17:20:18 +0000] "GET /api/v1/categories? HTTP/1.1" 200 1201 "-" "PostmanRuntime/7.43.0"
::1 - - [26/Feb/2025:17:53:54 +0000] "GET /api/v1/categories? HTTP/1.1" 200 1201 "-" "PostmanRuntime/7.43.0"
::1 - - [26/Feb/2025:17:54:29 +0000] "GET /api/v1/categories?name%20averageRating%20averagePrice HTTP/1.1" 200 26 "-" "PostmanRuntime/7.43.0"
::1 - - [26/Feb/2025:17:54:56 +0000] "GET /api/v1/categories?select=name%20averageRating%20averagePrice HTTP/1.1" 200 573 "-" "PostmanRuntime/7.43.0"
::1 - - [26/Feb/2025:17:58:29 +0000] "GET /api/v1/categories?select=name%20slug HTTP/1.1" 200 447 "-" "PostmanRuntime/7.43.0"
::1 - - [26/Feb/2025:17:59:04 +0000] "GET /api/v1/categories?select=name%20slug&averageRating HTTP/1.1" 200 26 "-" "PostmanRuntime/7.43.0"
::1 - - [26/Feb/2025:17:59:46 +0000] "GET /api/v1/categories?select=name%20slug%20averageRating&averageRating[$gt]=5 HTTP/1.1" 200 113 "-" "PostmanRuntime/7.43.0"
::1 - - [26/Feb/2025:17:59:57 +0000] "GET /api/v1/categories?select=name%20slug%20averageRating&averageRating[$gt]=4 HTTP/1.1" 200 200 "-" "PostmanRuntime/7.43.0"
::1 - - [26/Feb/2025:18:03:34 +0000] "GET /api/v1/categories?select=name%20slug%20averageRating&averageRating[$gt]=4&sort=name HTTP/1.1" 200 200 "-" "PostmanRuntime/7.43.0"
::1 - - [26/Feb/2025:18:06:45 +0000] "GET /api/v1/categories?select=name%20slug%20averageRating&averageRating[$gt]=4&sort=name HTTP/1.1" 200 200 "-" "PostmanRuntime/7.43.0"
::1 - - [26/Feb/2025:18:07:35 +0000] "GET /api/v1/categories?select=name%20slug%20averageRating&averageRating[$gt]=4&sort=-name HTTP/1.1" 200 200 "-" "PostmanRuntime/7.43.0"
::1 - - [26/Feb/2025:18:08:25 +0000] "GET /api/v1/categories?select=name%20slug%20averageRating&averageRating[$gt]=4&sort=averageRating HTTP/1.1" 200 200 "-" "PostmanRuntime/7.43.0"
::1 - - [26/Feb/2025:18:08:33 +0000] "GET /api/v1/categories?select=name%20slug%20averageRating&averageRating[$gt]=2&sort=averageRating HTTP/1.1" 200 281 "-" "PostmanRuntime/7.43.0"
::1 - - [26/Feb/2025:18:09:49 +0000] "PUT /api/v1/categories/67bf4c3800ad7b9b4ed61931 HTTP/1.1" 200 229 "-" "PostmanRuntime/7.43.0"
::1 - - [26/Feb/2025:18:09:52 +0000] "GET /api/v1/categories?select=name%20slug%20averageRating&averageRating[$gt]=2&sort=averageRating HTTP/1.1" 200 289 "-" "PostmanRuntime/7.43.0"
::1 - - [26/Feb/2025:18:10:40 +0000] "GET /api/v1/categories?select=name%20slug%20averagePrice%20averageRating&averageRating[$gt]=2&sort=averageRating HTTP/1.1" 200 350 "-" "PostmanRuntime/7.43.0"
::1 - - [26/Feb/2025:18:10:53 +0000] "GET /api/v1/categories?select=name%20slug%20averagePrice%20averageRating&averageRating[$gt]=2&sort=-averageRating HTTP/1.1" 200 350 "-" "PostmanRuntime/7.43.0"
::1 - - [26/Feb/2025:18:11:50 +0000] "GET /api/v1/categories?select=name%20slug%20averagePrice%20averageRating&averageRating[$gt]=2&sort=-averageRating%20averagePrice HTTP/1.1" 200 350 "-" "PostmanRuntime/7.43.0"
::1 - - [26/Feb/2025:18:11:57 +0000] "GET /api/v1/categories?select=name%20slug%20averagePrice%20averageRating&averageRating[$gt]=2&sort=-averageRating%20-averagePrice HTTP/1.1" 200 350 "-" "PostmanRuntime/7.43.0"
::1 - - [26/Feb/2025:18:12:12 +0000] "GET /api/v1/categories?select=name%20slug%20averagePrice%20averageRating&averageRating[$gt]=2&sort=-averageRating%20averagePrice HTTP/1.1" 200 350 "-" "PostmanRuntime/7.43.0"
::1 - - [26/Feb/2025:18:12:19 +0000] "GET /api/v1/categories?select=name%20slug%20averagePrice%20averageRating&averageRating[$gt]=2&sort=-averageRating%20-averagePrice HTTP/1.1" 200 350 "-" "PostmanRuntime/7.43.0"
::1 - - [28/Feb/2025:16:41:44 +0000] "GET /api/v1/categories?select=name HTTP/1.1" 200 349 "-" "PostmanRuntime/7.43.0"
::1 - - [28/Feb/2025:16:45:22 +0000] "GET /api/v1/categories?select=name&page=2&limit=1 HTTP/1.1" 200 349 "-" "PostmanRuntime/7.43.0"
::1 - - [28/Feb/2025:16:45:28 +0000] "GET /api/v1/categories?select=name&page=2&limit=1 HTTP/1.1" 200 349 "-" "PostmanRuntime/7.43.0"
::1 - - [28/Feb/2025:16:47:07 +0000] "GET /api/v1/categories?select=name&page=2&limit=1 HTTP/1.1" 200 82 "-" "PostmanRuntime/7.43.0"
::1 - - [28/Feb/2025:16:47:38 +0000] "GET /api/v1/categories?select=name&name=docker&page=2&limit=1 HTTP/1.1" 200 76 "-" "PostmanRuntime/7.43.0"
::1 - - [28/Feb/2025:16:47:51 +0000] "GET /api/v1/categories?name=docker&page=2&limit=1 HTTP/1.1" 200 218 "-" "PostmanRuntime/7.43.0"
::1 - - [28/Feb/2025:16:48:00 +0000] "GET /api/v1/categories?select=name&name=docker&page=2&limit=1 HTTP/1.1" 200 76 "-" "PostmanRuntime/7.43.0"
::1 - - [28/Feb/2025:16:48:19 +0000] "GET /api/v1/categories?select=name&page=2&limit=1 HTTP/1.1" 200 82 "-" "PostmanRuntime/7.43.0"
::1 - - [28/Feb/2025:16:48:31 +0000] "GET /api/v1/categories?select=name&page=2&limit=2 HTTP/1.1" 200 133 "-" "PostmanRuntime/7.43.0"
::1 - - [28/Feb/2025:16:48:42 +0000] "GET /api/v1/categories?select=name&page=2 HTTP/1.1" 200 349 "-" "PostmanRuntime/7.43.0"
::1 - - [28/Feb/2025:17:10:46 +0000] "GET /api/v1/categories?select=name&page=2&limit=1 HTTP/1.1" 200 159 "-" "PostmanRuntime/7.43.0"
::1 - - [28/Feb/2025:17:11:24 +0000] "GET /api/v1/categories?select=name&page=2&limit=2 HTTP/1.1" 200 214 "-" "PostmanRuntime/7.43.0"
::1 - - [28/Feb/2025:17:11:36 +0000] "GET /api/v1/categories?select=name&page=3&limit=2 HTTP/1.1" 200 205 "-" "PostmanRuntime/7.43.0"
::1 - - [28/Feb/2025:17:11:47 +0000] "GET /api/v1/categories?select=name&page=6&limit=2 HTTP/1.1" 200 97 "-" "PostmanRuntime/7.43.0"
::1 - - [28/Feb/2025:17:11:55 +0000] "GET /api/v1/categories?select=name&page=5&limit=2 HTTP/1.1" 200 96 "-" "PostmanRuntime/7.43.0"
::1 - - [28/Feb/2025:17:12:04 +0000] "GET /api/v1/categories?select=name&page=4&limit=2 HTTP/1.1" 200 96 "-" "PostmanRuntime/7.43.0"
::1 - - [28/Feb/2025:17:12:12 +0000] "GET /api/v1/categories?select=name&page=3&limit=2 HTTP/1.1" 200 205 "-" "PostmanRuntime/7.43.0"
::1 - - [28/Feb/2025:17:15:17 +0000] "GET /api/v1/categories?select=name&page=1&limit=2 HTTP/1.1" 200 203 "-" "PostmanRuntime/7.43.0"
::1 - - [28/Feb/2025:17:15:32 +0000] "GET /api/v1/categories?select=name&page=3&limit=2 HTTP/1.1" 200 205 "-" "PostmanRuntime/7.43.0"
::1 - - [28/Feb/2025:17:15:51 +0000] "GET /api/v1/categories?select=name&page=4&limit=2 HTTP/1.1" 200 96 "-" "PostmanRuntime/7.43.0"
::1 - - [28/Feb/2025:17:15:59 +0000] "GET /api/v1/categories?select=name&page=1&limit=2 HTTP/1.1" 200 203 "-" "PostmanRuntime/7.43.0"
::1 - - [28/Feb/2025:17:16:19 +0000] "GET /api/v1/categories?select=name&page=2&limit=2 HTTP/1.1" 200 214 "-" "PostmanRuntime/7.43.0"
::1 - - [28/Feb/2025:17:16:35 +0000] "GET /api/v1/categories?select=name&page=2&limit=3 HTTP/1.1" 200 257 "-" "PostmanRuntime/7.43.0"
::1 - - [28/Feb/2025:17:16:46 +0000] "GET /api/v1/categories?select=name&page=2&limit=1 HTTP/1.1" 200 159 "-" "PostmanRuntime/7.43.0"
::1 - - [28/Feb/2025:17:16:57 +0000] "GET /api/v1/categories?select=name&page=1&limit=1 HTTP/1.1" 200 152 "-" "PostmanRuntime/7.43.0"
::1 - - [28/Feb/2025:17:17:43 +0000] "GET /api/v1/categories?select=name&page=2&limit=3 HTTP/1.1" 200 257 "-" "PostmanRuntime/7.43.0"
::1 - - [28/Feb/2025:17:18:08 +0000] "GET /api/v1/categories?select=name HTTP/1.1" 200 406 "-" "PostmanRuntime/7.43.0"
::1 - - [02/Mar/2025:09:02:23 +0000] "GET /api/v1/categories?select=name HTTP/1.1" 200 256 "-" "PostmanRuntime/7.43.0"
::1 - - [02/Mar/2025:09:30:01 +0000] "GET /api/v1/books HTTP/1.1" 500 28 "-" "PostmanRuntime/7.43.0"
::1 - - [02/Mar/2025:09:32:12 +0000] "GET /api/v1/books HTTP/1.1" 200 28885 "-" "PostmanRuntime/7.43.0"
::1 - - [02/Mar/2025:09:34:30 +0000] "GET /api/v1/books HTTP/1.1" 200 28885 "-" "PostmanRuntime/7.43.0"
::1 - - [02/Mar/2025:09:35:48 +0000] "GET /api/v1/books HTTP/1.1" 200 28896 "-" "PostmanRuntime/7.43.0"
::1 - - [02/Mar/2025:09:36:54 +0000] "GET /api/v1/books HTTP/1.1" 200 28896 "-" "PostmanRuntime/7.43.0"
::1 - - [02/Mar/2025:09:37:18 +0000] "GET /api/v1/categories/67b1f3010fffb5734b7bd112 HTTP/1.1" 400 44 "-" "PostmanRuntime/7.43.0"
::1 - - [02/Mar/2025:09:37:22 +0000] "GET /api/v1/categories?select=name%20slug%20averagePrice%20averageRating&averageRating[$gt]=2&sort=-averageRating%20-averagePrice HTTP/1.1" 200 209 "-" "PostmanRuntime/7.43.0"
::1 - - [02/Mar/2025:09:37:30 +0000] "GET /api/v1/categories/67b36214f69cf667ef0db55e HTTP/1.1" 200 229 "-" "PostmanRuntime/7.43.0"
::1 - - [02/Mar/2025:09:39:48 +0000] "GET /api/v1/categories/67b36214f69cf667ef0db55e/books HTTP/1.1" 200 28896 "-" "PostmanRuntime/7.43.0"
::1 - - [02/Mar/2025:09:42:49 +0000] "GET /api/v1/categories/67b36214f69cf667ef0db55e/books HTTP/1.1" 200 36 "-" "PostmanRuntime/7.43.0"
::1 - - [02/Mar/2025:09:43:10 +0000] "GET /api/v1/books HTTP/1.1" 200 28896 "-" "PostmanRuntime/7.43.0"
::1 - - [02/Mar/2025:09:43:19 +0000] "GET /api/v1/categories/67c41cf2d4ecad787ecd8464/books HTTP/1.1" 200 36 "-" "PostmanRuntime/7.43.0"
::1 - - [02/Mar/2025:09:43:22 +0000] "GET /api/v1/categories/67c41cf2d4ecad787ecd8464/books HTTP/1.1" 200 36 "-" "PostmanRuntime/7.43.0"
::1 - - [02/Mar/2025:09:46:05 +0000] "GET /api/v1/categories/67c41cf2d4ecad787ecd8464/books HTTP/1.1" 200 28896 "-" "PostmanRuntime/7.43.0"
::1 - - [02/Mar/2025:09:47:58 +0000] "GET /api/v1/categories/67c41cf2d4ecad787ecd8464/books HTTP/1.1" 200 36 "-" "PostmanRuntime/7.43.0"
::1 - - [02/Mar/2025:09:48:57 +0000] "GET /api/v1/categories/67c41cf2d4ecad787ecd8463/books HTTP/1.1" 200 36 "-" "PostmanRuntime/7.43.0"
::1 - - [02/Mar/2025:09:50:24 +0000] "GET /api/v1/categories/67c41cf2d4ecad787ecd8463/books HTTP/1.1" 200 36 "-" "PostmanRuntime/7.43.0"
::1 - - [02/Mar/2025:09:50:44 +0000] "GET /api/v1/categories/5e96cc1ba816c94e009a9c9e/books HTTP/1.1" 200 7161 "-" "PostmanRuntime/7.43.0"
::1 - - [02/Mar/2025:10:53:18 +0000] "GET /api/v1/categories?select=name%20slug%20averagePrice%20averageRating&averageRating[$gt]=2&sort=-averageRating%20-averagePrice HTTP/1.1" 200 209 "-" "PostmanRuntime/7.43.0"
::1 - - [02/Mar/2025:10:57:10 +0000] "GET /api/v1/categories?select=name%20slug%20averagePrice%20averageRating&averageRating[$gt]=2&sort=-averageRating%20-averagePrice HTTP/1.1" 200 209 "-" "PostmanRuntime/7.43.0"
::1 - - [03/Mar/2025:08:48:12 +0000] "GET /api/v1/categories?select=name%20slug%20averagePrice%20averageRating&averageRating[$gt]=2&sort=-averageRating%20-averagePrice HTTP/1.1" 200 209 "-" "PostmanRuntime/7.43.0"
::1 - - [04/Mar/2025:10:01:06 +0000] "GET /api/v1/books HTTP/1.1" 200 28896 "-" "PostmanRuntime/7.43.0"
::1 - - [04/Mar/2025:10:03:31 +0000] "GET /api/v1/books HTTP/1.1" 200 28500 "-" "PostmanRuntime/7.43.0"
::1 - - [04/Mar/2025:10:05:05 +0000] "GET /api/v1/books HTTP/1.1" 200 28500 "-" "PostmanRuntime/7.43.0"
::1 - - [04/Mar/2025:10:14:37 +0000] "GET /api/v1/categories?select=name%20slug%20averagePrice%20averageRating&averageRating[$gt]=2&sort=-averageRating%20-averagePrice HTTP/1.1" 200 209 "-" "PostmanRuntime/7.43.0"
::1 - - [04/Mar/2025:10:15:00 +0000] "GET /api/v1/categories HTTP/1.1" 200 705 "-" "PostmanRuntime/7.43.0"
::1 - - [04/Mar/2025:10:24:44 +0000] "GET /api/v1/categories HTTP/1.1" 200 705 "-" "PostmanRuntime/7.43.0"
::1 - - [04/Mar/2025:10:24:52 +0000] "GET /api/v1/books HTTP/1.1" 200 28500 "-" "PostmanRuntime/7.43.0"
::1 - - [04/Mar/2025:10:28:30 +0000] "POST /api/v1/categories HTTP/1.1" 200 233 "-" "PostmanRuntime/7.43.0"
::1 - - [04/Mar/2025:10:28:34 +0000] "POST /api/v1/categories HTTP/1.1" 500 324 "-" "PostmanRuntime/7.43.0"
::1 - - [04/Mar/2025:10:28:34 +0000] "POST /api/v1/categories HTTP/1.1" 500 324 "-" "PostmanRuntime/7.43.0"
::1 - - [04/Mar/2025:10:29:09 +0000] "POST /api/v1/categories HTTP/1.1" 200 271 "-" "PostmanRuntime/7.43.0"
::1 - - [04/Mar/2025:10:29:42 +0000] "GET /api/v1/books HTTP/1.1" 200 28500 "-" "PostmanRuntime/7.43.0"
::1 - - [04/Mar/2025:10:30:55 +0000] "GET /api/v1/categories HTTP/1.1" 200 1163 "-" "PostmanRuntime/7.43.0"
::1 - - [04/Mar/2025:10:31:14 +0000] "GET /api/v1/categories/67c6d5f508a776731b877a7c HTTP/1.1" 200 271 "-" "PostmanRuntime/7.43.0"
::1 - - [04/Mar/2025:10:32:01 +0000] "GET /api/v1/books HTTP/1.1" 500 45 "-" "PostmanRuntime/7.43.0"
::1 - - [04/Mar/2025:10:32:17 +0000] "GET /api/v1/books HTTP/1.1" 500 28 "-" "PostmanRuntime/7.43.0"
::1 - - [04/Mar/2025:10:32:58 +0000] "GET /api/v1/books HTTP/1.1" 200 28500 "-" "PostmanRuntime/7.43.0"
::1 - - [04/Mar/2025:10:48:05 +0000] "GET /api/v1/books HTTP/1.1" 200 28500 "-" "PostmanRuntime/7.43.0"
::1 - - [04/Mar/2025:10:48:39 +0000] "GET /api/v1/categories HTTP/1.1" 200 1163 "-" "PostmanRuntime/7.43.0"
::1 - - [04/Mar/2025:10:49:35 +0000] "GET /api/v1/categories HTTP/1.1" 200 1290 "-" "PostmanRuntime/7.43.0"
::1 - - [04/Mar/2025:10:49:44 +0000] "GET /api/v1/books HTTP/1.1" 200 33794 "-" "PostmanRuntime/7.43.0"
::1 - - [04/Mar/2025:10:51:39 +0000] "GET /api/v1/books HTTP/1.1" 200 29952 "-" "PostmanRuntime/7.43.0"
::1 - - [04/Mar/2025:15:02:49 +0000] "GET /api/v1/categories?select=name%20slug%20averagePrice%20averageRating&averageRating[$gt]=2&sort=-averageRating%20-averagePrice HTTP/1.1" 200 334 "-" "PostmanRuntime/7.43.0"
::1 - - [04/Mar/2025:15:03:11 +0000] "GET /api/v1/categories?select=name%20slug%20averagePrice%20averageRating&averageRating[$gt]=2&sort=averageRating%20-averagePrice HTTP/1.1" 200 334 "-" "PostmanRuntime/7.43.0"
::1 - - [04/Mar/2025:15:03:22 +0000] "GET /api/v1/categories?select=name%20slug%20averagePrice%20averageRating&averageRating[$gt]=0&sort=averageRating%20-averagePrice HTTP/1.1" 200 593 "-" "PostmanRuntime/7.43.0"
::1 - - [04/Mar/2025:15:03:33 +0000] "GET /api/v1/categories?select=name%20slug%20averagePrice%20averageRating&averageRating[$gt]=0&sort=averageRating%20averagePrice HTTP/1.1" 200 593 "-" "PostmanRuntime/7.43.0"
