::1 - - [30/Mar/2025:06:28:32 +0000] "GET /api/v1/categories?select=name HTTP/1.1" 200 482 "-" "Mozilla/5.0 (Windows NT 10.0; Win64; x64) AppleWebKit/537.36 (KHTML, like Gecko) Chrome/134.0.0.0 Safari/537.36"
::1 - - [30/Mar/2025:06:28:32 +0000] "GET /favicon.ico HTTP/1.1" 404 150 "http://localhost:5000/api/v1/categories?select=name" "Mozilla/5.0 (Windows NT 10.0; Win64; x64) AppleWebKit/537.36 (KHTML, like Gecko) Chrome/134.0.0.0 Safari/537.36"
::1 - - [30/Mar/2025:07:59:01 +0000] "GET /api/v1/categories?select=averagePrice?[$gt20] HTTP/1.1" 200 362 "-" "Mozilla/5.0 (Windows NT 10.0; Win64; x64) AppleWebKit/537.36 (KHTML, like Gecko) Chrome/134.0.0.0 Safari/537.36"
::1 - - [30/Mar/2025:07:59:12 +0000] "GET /api/v1/categories?select=price?[gt=20] HTTP/1.1" 200 362 "-" "Mozilla/5.0 (Windows NT 10.0; Win64; x64) AppleWebKit/537.36 (KHTML, like Gecko) Chrome/134.0.0.0 Safari/537.36"
::1 - - [30/Mar/2025:08:07:55 +0000] "GET /api/v1/categories/ HTTP/1.1" 200 1417 "-" "PostmanRuntime/7.43.2"
::1 - - [30/Mar/2025:08:16:36 +0000] "GET /api/v1/categories/ HTTP/1.1" 200 1417 "-" "PostmanRuntime/7.43.2"
::1 - - [30/Mar/2025:08:19:25 +0000] "GET /api/v1/categories/5e90434cd433fa11b078ed8a HTTP/1.1" 200 8505 "-" "PostmanRuntime/7.43.2"
::1 - - [30/Mar/2025:08:22:01 +0000] "GET /api/v1/categories/5e90434cd433fa11b078ed8a HTTP/1.1" 200 1833 "-" "PostmanRuntime/7.43.2"
::1 - - [30/Mar/2025:08:26:03 +0000] "GET /api/v1/books HTTP/1.1" 200 30789 "-" "PostmanRuntime/7.43.2"
::1 - - [30/Mar/2025:08:30:05 +0000] "GET /api/v1/categories/ HTTP/1.1" 200 1417 "-" "PostmanRuntime/7.43.2"
::1 - - [30/Mar/2025:08:30:24 +0000] "GET /api/v1/categories/5e90434cd433fa11b078ed8a HTTP/1.1" 200 1833 "-" "PostmanRuntime/7.43.2"
::1 - - [30/Mar/2025:08:30:58 +0000] "GET /api/v1/books HTTP/1.1" 200 30789 "-" "PostmanRuntime/7.43.2"
::1 - - [30/Mar/2025:08:46:39 +0000] "GET /api/v1/books/67dfcf0cf76942bb60f1ca6e HTTP/1.1" 200 1714 "-" "PostmanRuntime/7.43.2"
::1 - - [30/Mar/2025:08:46:51 +0000] "PUT /api/v1/books/67dfcf0cf76942bb60f1ca6e HTTP/1.1" 200 1714 "-" "PostmanRuntime/7.43.2"
::1 - - [30/Mar/2025:08:49:06 +0000] "GET /api/v1/books HTTP/1.1" 200 30789 "-" "PostmanRuntime/7.43.2"
::1 - - [30/Mar/2025:08:49:31 +0000] "DELETE /api/v1/books/67dfcf0cf76942bb60f1ca6e HTTP/1.1" 200 1714 "-" "PostmanRuntime/7.43.2"
::1 - - [30/Mar/2025:09:21:46 +0000] "GET /api/v1/categories/ HTTP/1.1" 200 1418 "-" "PostmanRuntime/7.43.2"
::1 - - [30/Mar/2025:09:21:57 +0000] "GET /api/v1/books HTTP/1.1" 200 36 "-" "PostmanRuntime/7.43.2"
::1 - - [30/Mar/2025:09:22:09 +0000] "POST /api/v1/books/ HTTP/1.1" 200 797 "-" "PostmanRuntime/7.43.2"
::1 - - [30/Mar/2025:09:23:13 +0000] "POST /api/v1/books/ HTTP/1.1" 200 796 "-" "PostmanRuntime/7.43.2"
::1 - - [30/Mar/2025:09:28:01 +0000] "GET /api/v1/categories/ HTTP/1.1" 200 1335 "-" "PostmanRuntime/7.43.2"
::1 - - [30/Mar/2025:09:28:07 +0000] "GET /api/v1/books HTTP/1.1" 200 36 "-" "PostmanRuntime/7.43.2"
::1 - - [30/Mar/2025:09:28:28 +0000] "POST /api/v1/books/ HTTP/1.1" 200 797 "-" "PostmanRuntime/7.43.2"
::1 - - [30/Mar/2025:09:28:39 +0000] "GET /api/v1/categories/ HTTP/1.1" 200 1356 "-" "PostmanRuntime/7.43.2"
::1 - - [30/Mar/2025:09:29:17 +0000] "POST /api/v1/books/ HTTP/1.1" 200 797 "-" "PostmanRuntime/7.43.2"
::1 - - [30/Mar/2025:09:29:22 +0000] "GET /api/v1/categories/ HTTP/1.1" 200 1356 "-" "PostmanRuntime/7.43.2"
::1 - - [30/Mar/2025:09:30:26 +0000] "POST /api/v1/books/ HTTP/1.1" 200 799 "-" "PostmanRuntime/7.43.2"
::1 - - [30/Mar/2025:09:30:35 +0000] "GET /api/v1/categories/ HTTP/1.1" 200 1369 "-" "PostmanRuntime/7.43.2"
::1 - - [30/Mar/2025:09:31:10 +0000] "GET /api/v1/books HTTP/1.1" 200 2677 "-" "PostmanRuntime/7.43.2"
::1 - - [30/Mar/2025:09:31:20 +0000] "DELETE /api/v1/books/67e90f3268fcdf7342d3705f HTTP/1.1" 200 799 "-" "PostmanRuntime/7.43.2"
::1 - - [30/Mar/2025:09:31:30 +0000] "GET /api/v1/categories/ HTTP/1.1" 200 1369 "-" "PostmanRuntime/7.43.2"
::1 - - [30/Mar/2025:09:31:38 +0000] "GET /api/v1/books HTTP/1.1" 200 1795 "-" "PostmanRuntime/7.43.2"
::1 - - [30/Mar/2025:09:31:41 +0000] "GET /api/v1/categories/ HTTP/1.1" 200 1369 "-" "PostmanRuntime/7.43.2"
::1 - - [30/Mar/2025:09:31:54 +0000] "GET /api/v1/books HTTP/1.1" 200 1795 "-" "PostmanRuntime/7.43.2"
::1 - - [30/Mar/2025:09:32:34 +0000] "POST /api/v1/books/ HTTP/1.1" 200 799 "-" "PostmanRuntime/7.43.2"
::1 - - [30/Mar/2025:09:32:40 +0000] "GET /api/v1/books HTTP/1.1" 200 2677 "-" "PostmanRuntime/7.43.2"
::1 - - [30/Mar/2025:09:32:52 +0000] "DELETE /api/v1/books/67e90fb239c797505674eafb HTTP/1.1" 200 799 "-" "PostmanRuntime/7.43.2"
::1 - - [30/Mar/2025:09:32:56 +0000] "GET /api/v1/books HTTP/1.1" 200 1795 "-" "PostmanRuntime/7.43.2"
::1 - - [30/Mar/2025:09:33:07 +0000] "GET /api/v1/categories/ HTTP/1.1" 200 1369 "-" "PostmanRuntime/7.43.2"
::1 - - [30/Mar/2025:09:34:07 +0000] "GET /api/v1/categories/ HTTP/1.1" 200 1335 "-" "PostmanRuntime/7.43.2"
::1 - - [30/Mar/2025:09:34:10 +0000] "GET /api/v1/books HTTP/1.1" 200 36 "-" "PostmanRuntime/7.43.2"
::1 - - [30/Mar/2025:09:34:21 +0000] "POST /api/v1/books/ HTTP/1.1" 200 797 "-" "PostmanRuntime/7.43.2"
::1 - - [30/Mar/2025:09:34:25 +0000] "GET /api/v1/books HTTP/1.1" 200 902 "-" "PostmanRuntime/7.43.2"
::1 - - [30/Mar/2025:09:34:48 +0000] "POST /api/v1/books/ HTTP/1.1" 200 796 "-" "PostmanRuntime/7.43.2"
::1 - - [30/Mar/2025:09:34:53 +0000] "GET /api/v1/books HTTP/1.1" 200 1766 "-" "PostmanRuntime/7.43.2"
::1 - - [30/Mar/2025:09:35:11 +0000] "POST /api/v1/books/ HTTP/1.1" 500 573 "-" "PostmanRuntime/7.43.2"
::1 - - [30/Mar/2025:09:35:19 +0000] "POST /api/v1/books/ HTTP/1.1" 200 797 "-" "PostmanRuntime/7.43.2"
::1 - - [30/Mar/2025:09:35:24 +0000] "GET /api/v1/books HTTP/1.1" 200 2671 "-" "PostmanRuntime/7.43.2"
::1 - - [30/Mar/2025:09:35:40 +0000] "DELETE /api/v1/books/67e9105639c797505674eb1c HTTP/1.1" 200 797 "-" "PostmanRuntime/7.43.2"
::1 - - [30/Mar/2025:09:35:44 +0000] "GET /api/v1/books HTTP/1.1" 200 1792 "-" "PostmanRuntime/7.43.2"
::1 - - [30/Mar/2025:09:39:48 +0000] "GET /api/v1/books HTTP/1.1" 200 1792 "-" "PostmanRuntime/7.43.2"
::1 - - [30/Mar/2025:09:39:58 +0000] "DELETE /api/v1/books/67e9103839c797505674eb12 HTTP/1.1" 200 796 "-" "PostmanRuntime/7.43.2"
::1 - - [30/Mar/2025:09:40:01 +0000] "GET /api/v1/books HTTP/1.1" 200 914 "-" "PostmanRuntime/7.43.2"
::1 - - [30/Mar/2025:09:44:12 +0000] "GET /api/v1/categories/ HTTP/1.1" 200 1335 "-" "PostmanRuntime/7.43.2"
::1 - - [30/Mar/2025:09:44:24 +0000] "POST /api/v1/books/ HTTP/1.1" 200 797 "-" "PostmanRuntime/7.43.2"
::1 - - [30/Mar/2025:09:44:29 +0000] "GET /api/v1/books HTTP/1.1" 200 902 "-" "PostmanRuntime/7.43.2"
::1 - - [30/Mar/2025:09:44:40 +0000] "POST /api/v1/books/ HTTP/1.1" 200 797 "-" "PostmanRuntime/7.43.2"
::1 - - [30/Mar/2025:09:44:43 +0000] "GET /api/v1/books HTTP/1.1" 200 1769 "-" "PostmanRuntime/7.43.2"
::1 - - [30/Mar/2025:09:45:00 +0000] "POST /api/v1/books/ HTTP/1.1" 200 797 "-" "PostmanRuntime/7.43.2"
::1 - - [30/Mar/2025:09:45:07 +0000] "GET /api/v1/books HTTP/1.1" 200 2675 "-" "PostmanRuntime/7.43.2"
::1 - - [30/Mar/2025:09:45:39 +0000] "GET /api/v1/books HTTP/1.1" 200 2675 "-" "PostmanRuntime/7.43.2"
::1 - - [30/Mar/2025:09:45:46 +0000] "DELETE /api/v1/books/67e9129c6c13c9f84a385fb9 HTTP/1.1" 200 797 "-" "PostmanRuntime/7.43.2"
::1 - - [30/Mar/2025:09:45:55 +0000] "GET /api/v1/books HTTP/1.1" 200 1795 "-" "PostmanRuntime/7.43.2"
::1 - - [30/Mar/2025:09:55:37 +0000] "GET /api/v1/books HTTP/1.1" 200 36 "-" "PostmanRuntime/7.43.2"
::1 - - [30/Mar/2025:09:55:39 +0000] "GET /api/v1/categories/ HTTP/1.1" 200 1336 "-" "PostmanRuntime/7.43.2"
::1 - - [30/Mar/2025:09:55:45 +0000] "POST /api/v1/books/ HTTP/1.1" 200 797 "-" "PostmanRuntime/7.43.2"
::1 - - [30/Mar/2025:09:55:53 +0000] "POST /api/v1/books/ HTTP/1.1" 200 797 "-" "PostmanRuntime/7.43.2"
::1 - - [30/Mar/2025:09:55:55 +0000] "GET /api/v1/books HTTP/1.1" 200 1769 "-" "PostmanRuntime/7.43.2"
::1 - - [30/Mar/2025:09:56:14 +0000] "POST /api/v1/books/ HTTP/1.1" 200 796 "-" "PostmanRuntime/7.43.2"
::1 - - [30/Mar/2025:09:56:18 +0000] "GET /api/v1/books HTTP/1.1" 200 2674 "-" "PostmanRuntime/7.43.2"
::1 - - [30/Mar/2025:09:57:38 +0000] "DELETE /api/v1/books/67e9153e0e056ab807a6e59e HTTP/1.1" 200 796 "-" "PostmanRuntime/7.43.2"
::1 - - [30/Mar/2025:09:57:42 +0000] "GET /api/v1/books HTTP/1.1" 200 1795 "-" "PostmanRuntime/7.43.2"
::1 - - [30/Mar/2025:09:59:07 +0000] "GET /api/v1/books HTTP/1.1" 200 36 "-" "PostmanRuntime/7.43.2"
::1 - - [30/Mar/2025:09:59:12 +0000] "POST /api/v1/books/ HTTP/1.1" 200 796 "-" "PostmanRuntime/7.43.2"
::1 - - [30/Mar/2025:09:59:22 +0000] "POST /api/v1/books/ HTTP/1.1" 200 797 "-" "PostmanRuntime/7.43.2"
::1 - - [30/Mar/2025:09:59:26 +0000] "GET /api/v1/books HTTP/1.1" 200 1768 "-" "PostmanRuntime/7.43.2"
::1 - - [30/Mar/2025:09:59:39 +0000] "POST /api/v1/books/ HTTP/1.1" 200 798 "-" "PostmanRuntime/7.43.2"
::1 - - [30/Mar/2025:09:59:41 +0000] "GET /api/v1/books HTTP/1.1" 200 2672 "-" "PostmanRuntime/7.43.2"
::1 - - [30/Mar/2025:09:59:51 +0000] "DELETE /api/v1/books/67e915f9f73ea316598b8cfb HTTP/1.1" 200 797 "-" "PostmanRuntime/7.43.2"
::1 - - [30/Mar/2025:09:59:59 +0000] "GET /api/v1/books HTTP/1.1" 200 1793 "-" "PostmanRuntime/7.43.2"
::1 - - [30/Mar/2025:10:03:56 +0000] "DELETE /api/v1/books/67e915f0f73ea316598b8cf6 HTTP/1.1" 200 796 "-" "PostmanRuntime/7.43.2"
::1 - - [30/Mar/2025:10:04:00 +0000] "GET /api/v1/books HTTP/1.1" 200 915 "-" "PostmanRuntime/7.43.2"
::1 - - [30/Mar/2025:10:05:11 +0000] "POST /api/v1/books/ HTTP/1.1" 500 579 "-" "PostmanRuntime/7.43.2"
::1 - - [30/Mar/2025:10:05:16 +0000] "POST /api/v1/books/ HTTP/1.1" 200 804 "-" "PostmanRuntime/7.43.2"
::1 - - [30/Mar/2025:10:05:19 +0000] "GET /api/v1/books HTTP/1.1" 200 1775 "-" "PostmanRuntime/7.43.2"
::1 - - [30/Mar/2025:10:05:39 +0000] "POST /api/v1/books/ HTTP/1.1" 200 812 "-" "PostmanRuntime/7.43.2"
::1 - - [30/Mar/2025:10:05:42 +0000] "GET /api/v1/books HTTP/1.1" 200 2695 "-" "PostmanRuntime/7.43.2"
::1 - - [30/Mar/2025:10:05:58 +0000] "DELETE /api/v1/books/67e917736138ab65f61c8542 HTTP/1.1" 200 812 "-" "PostmanRuntime/7.43.2"
::1 - - [30/Mar/2025:10:06:03 +0000] "GET /api/v1/books HTTP/1.1" 200 1801 "-" "PostmanRuntime/7.43.2"
::1 - - [30/Mar/2025:10:06:30 +0000] "POST /api/v1/books/ HTTP/1.1" 200 812 "-" "PostmanRuntime/7.43.2"
::1 - - [30/Mar/2025:10:06:37 +0000] "POST /api/v1/books/ HTTP/1.1" 200 824 "-" "PostmanRuntime/7.43.2"
::1 - - [30/Mar/2025:10:06:39 +0000] "GET /api/v1/books HTTP/1.1" 200 3553 "-" "PostmanRuntime/7.43.2"
::1 - - [30/Mar/2025:10:06:56 +0000] "DELETE /api/v1/books/67e9175b6138ab65f61c853b HTTP/1.1" 200 804 "-" "PostmanRuntime/7.43.2"
::1 - - [30/Mar/2025:10:07:00 +0000] "GET /api/v1/books HTTP/1.1" 200 2679 "-" "PostmanRuntime/7.43.2"
::1 - - [30/Mar/2025:10:07:32 +0000] "DELETE /api/v1/books/67e9175b6138ab65f61c853b HTTP/1.1" 404 44 "-" "PostmanRuntime/7.43.2"
::1 - - [30/Mar/2025:10:07:37 +0000] "GET /api/v1/books HTTP/1.1" 200 2679 "-" "PostmanRuntime/7.43.2"
::1 - - [30/Mar/2025:10:07:45 +0000] "DELETE /api/v1/books/67e9160bf73ea316598b8d02 HTTP/1.1" 200 798 "-" "PostmanRuntime/7.43.2"
::1 - - [30/Mar/2025:10:07:50 +0000] "GET /api/v1/books HTTP/1.1" 200 1811 "-" "PostmanRuntime/7.43.2"
::1 - - [30/Mar/2025:10:07:59 +0000] "GET /api/v1/categories/ HTTP/1.1" 200 1356 "-" "PostmanRuntime/7.43.2"
::1 - - [30/Mar/2025:10:11:16 +0000] "GET /api/v1/books HTTP/1.1" 200 36 "-" "PostmanRuntime/7.43.2"
::1 - - [30/Mar/2025:10:11:20 +0000] "POST /api/v1/books/ HTTP/1.1" 200 824 "-" "PostmanRuntime/7.43.2"
::1 - - [30/Mar/2025:10:11:29 +0000] "POST /api/v1/books/ HTTP/1.1" 200 797 "-" "PostmanRuntime/7.43.2"
::1 - - [30/Mar/2025:10:11:32 +0000] "GET /api/v1/books HTTP/1.1" 200 1796 "-" "PostmanRuntime/7.43.2"
::1 - - [30/Mar/2025:10:11:53 +0000] "DELETE /api/v1/books/5e90478549941f52dcb01b34 HTTP/1.1" 404 44 "-" "PostmanRuntime/7.43.2"
::1 - - [30/Mar/2025:10:12:05 +0000] "DELETE /api/v1/books/67e918d1b8970e8f467afebf HTTP/1.1" 200 797 "-" "PostmanRuntime/7.43.2"
::1 - - [30/Mar/2025:10:12:08 +0000] "GET /api/v1/books HTTP/1.1" 200 929 "-" "PostmanRuntime/7.43.2"
::1 - - [30/Mar/2025:10:14:24 +0000] "GET /api/v1/books HTTP/1.1" 200 929 "-" "PostmanRuntime/7.43.2"
::1 - - [30/Mar/2025:10:14:28 +0000] "POST /api/v1/books/ HTTP/1.1" 200 797 "-" "PostmanRuntime/7.43.2"
::1 - - [30/Mar/2025:10:14:31 +0000] "GET /api/v1/books HTTP/1.1" 200 1796 "-" "PostmanRuntime/7.43.2"
::1 - - [30/Mar/2025:10:22:57 +0000] "GET /api/v1/books HTTP/1.1" 200 1796 "-" "PostmanRuntime/7.43.2"
::1 - - [30/Mar/2025:10:23:15 +0000] "GET /api/v1/books HTTP/1.1" 200 36 "-" "PostmanRuntime/7.43.2"
::1 - - [30/Mar/2025:10:23:21 +0000] "POST /api/v1/books/ HTTP/1.1" 200 797 "-" "PostmanRuntime/7.43.2"
::1 - - [30/Mar/2025:10:23:30 +0000] "POST /api/v1/books/ HTTP/1.1" 200 806 "-" "PostmanRuntime/7.43.2"
::1 - - [30/Mar/2025:10:23:33 +0000] "GET /api/v1/books HTTP/1.1" 200 1778 "-" "PostmanRuntime/7.43.2"
::1 - - [30/Mar/2025:10:23:42 +0000] "DELETE /api/v1/books/67e91b99b621b977f72420c6 HTTP/1.1" 200 797 "-" "PostmanRuntime/7.43.2"
::1 - - [30/Mar/2025:10:23:44 +0000] "GET /api/v1/books HTTP/1.1" 200 911 "-" "PostmanRuntime/7.43.2"
::1 - - [31/Mar/2025:00:41:58 +0000] "GET /api/v1/books HTTP/1.1" 200 911 "-" "PostmanRuntime/7.43.2"
::1 - - [31/Mar/2025:00:45:27 +0000] "GET /api/v1/books HTTP/1.1" 200 36 "-" "PostmanRuntime/7.43.2"
::1 - - [31/Mar/2025:00:45:32 +0000] "GET /api/v1/categories/ HTTP/1.1" 200 1335 "-" "PostmanRuntime/7.43.2"
::1 - - [31/Mar/2025:00:45:41 +0000] "POST /api/v1/books/ HTTP/1.1" 200 806 "-" "PostmanRuntime/7.43.2"
::1 - - [31/Mar/2025:00:45:50 +0000] "POST /api/v1/books/ HTTP/1.1" 200 796 "-" "PostmanRuntime/7.43.2"
::1 - - [31/Mar/2025:00:46:17 +0000] "GET /api/v1/books HTTP/1.1" 200 1777 "-" "PostmanRuntime/7.43.2"
::1 - - [31/Mar/2025:00:46:37 +0000] "POST /api/v1/books/ HTTP/1.1" 500 570 "-" "PostmanRuntime/7.43.2"
::1 - - [31/Mar/2025:00:46:43 +0000] "POST /api/v1/books/ HTTP/1.1" 200 797 "-" "PostmanRuntime/7.43.2"
::1 - - [31/Mar/2025:00:46:48 +0000] "GET /api/v1/books HTTP/1.1" 200 2644 "-" "PostmanRuntime/7.43.2"
::1 - - [31/Mar/2025:00:47:12 +0000] "DELETE /api/v1/books/67e9e5be492630f54529606d HTTP/1.1" 200 796 "-" "PostmanRuntime/7.43.2"
::1 - - [31/Mar/2025:00:47:17 +0000] "GET /api/v1/books HTTP/1.1" 200 1778 "-" "PostmanRuntime/7.43.2"
::1 - - [31/Mar/2025:01:19:30 +0000] "GET /api/v1/categories/ HTTP/1.1" 200 1356 "-" "PostmanRuntime/7.43.3"
::1 - - [31/Mar/2025:01:20:09 +0000] "GET /api/v1/categories/5e96cc1ba816c94e009a9c9e HTTP/1.1" 500 78 "-" "PostmanRuntime/7.43.3"
::1 - - [31/Mar/2025:01:23:25 +0000] "GET /api/v1/categories/5e96cc1ba816c94e009a9c9e HTTP/1.1" 500 28 "-" "PostmanRuntime/7.43.3"
::1 - - [31/Mar/2025:01:25:31 +0000] "GET /api/v1/categories/5e96cc1ba816c94e009a9c9e HTTP/1.1" 200 376 "-" "PostmanRuntime/7.43.3"
::1 - - [31/Mar/2025:01:26:06 +0000] "GET /api/v1/categories/5e96cc1ba816c94e009a9c9e HTTP/1.1" 200 376 "-" "PostmanRuntime/7.43.3"
::1 - - [31/Mar/2025:01:29:43 +0000] "GET /api/v1/categories/5e96cc1ba816c94e009a9c9e HTTP/1.1" 200 376 "-" "PostmanRuntime/7.43.3"
::1 - - [31/Mar/2025:01:29:51 +0000] "GET /api/v1/categories/ HTTP/1.1" 200 1356 "-" "PostmanRuntime/7.43.3"
::1 - - [31/Mar/2025:01:30:04 +0000] "GET /api/v1/categories/5e9047fd49941f52dcb01b35 HTTP/1.1" 200 314 "-" "PostmanRuntime/7.43.3"
::1 - - [31/Mar/2025:01:50:19 +0000] "GET /api/v1/categories/5e9047fd49941f52dcb01b35 HTTP/1.1" 200 314 "-" "PostmanRuntime/7.43.3"
::1 - - [31/Mar/2025:01:50:33 +0000] "GET /api/v1/categories/5e96cc1ba816c94e009a9c9e HTTP/1.1" 200 376 "-" "PostmanRuntime/7.43.3"
::1 - - [31/Mar/2025:01:51:38 +0000] "GET /api/v1/categories/5e96cc1ba816c94e009a9c9e HTTP/1.1" 200 376 "-" "PostmanRuntime/7.43.3"
::1 - - [31/Mar/2025:01:51:41 +0000] "GET /api/v1/categories/5e96cc1ba816c94e009a9c9e HTTP/1.1" 200 376 "-" "PostmanRuntime/7.43.3"
::1 - - [31/Mar/2025:02:09:40 +0000] "GET /api/v1/categories/5e96cc1ba816c94e009a9c9e HTTP/1.1" 200 376 "-" "PostmanRuntime/7.43.3"
::1 - - [31/Mar/2025:02:09:56 +0000] "GET /api/v1/books HTTP/1.1" 200 1778 "-" "PostmanRuntime/7.43.3"
::1 - - [31/Mar/2025:02:22:02 +0000] "GET /api/v1/books HTTP/1.1" 200 1778 "-" "PostmanRuntime/7.43.3"
::1 - - [31/Mar/2025:02:22:15 +0000] "GET /api/v1/categories/67e9e5b5492630f545296068 HTTP/1.1" 400 44 "-" "PostmanRuntime/7.43.3"
::1 - - [31/Mar/2025:02:22:32 +0000] "GET /api/v1/categories/67e9e5b5492630f545296068 HTTP/1.1" 400 44 "-" "PostmanRuntime/7.43.3"
::1 - - [31/Mar/2025:02:24:53 +0000] "GET /api/v1/categories/67e9e5b5492630f545296068 HTTP/1.1" 400 44 "-" "PostmanRuntime/7.43.3"
::1 - - [31/Mar/2025:02:24:57 +0000] "GET /api/v1/books HTTP/1.1" 200 1778 "-" "PostmanRuntime/7.43.3"
::1 - - [31/Mar/2025:02:25:09 +0000] "GET /api/v1/categories/67e9e5f3492630f545296077/books HTTP/1.1" 200 36 "-" "PostmanRuntime/7.43.3"
::1 - - [31/Mar/2025:02:25:15 +0000] "GET /api/v1/categories/67e9e5f3492630f545296077 HTTP/1.1" 400 44 "-" "PostmanRuntime/7.43.3"
::1 - - [31/Mar/2025:02:26:43 +0000] "GET /api/v1/categories/5e90478549941f52dcb01b34 HTTP/1.1" 200 1142 "-" "PostmanRuntime/7.43.3"
::1 - - [31/Mar/2025:07:42:51 +0000] "GET /api/v1/categories/5e90478549941f52dcb01b34 HTTP/1.1" 200 1142 "-" "PostmanRuntime/7.43.3"
::1 - - [31/Mar/2025:07:46:30 +0000] "GET /api/v1/books/67e9e5f3492630f545296077 HTTP/1.1" 200 812 "-" "PostmanRuntime/7.43.3"
::1 - - [31/Mar/2025:07:46:57 +0000] "GET /api/v1/categories/5e90478549941f52dcb01b34 HTTP/1.1" 200 1142 "-" "PostmanRuntime/7.43.3"
::1 - - [31/Mar/2025:07:56:39 +0000] "GET /api/v1/categories/5e90478549941f52dcb01b34 HTTP/1.1" 200 1142 "-" "PostmanRuntime/7.43.3"
::1 - - [01/Apr/2025:10:58:46 +0000] "GET /api/v1/books/67e9e5f3492630f545296077 HTTP/1.1" 404 44 "-" "PostmanRuntime/7.43.3"
::1 - - [01/Apr/2025:10:58:50 +0000] "GET /api/v1/books HTTP/1.1" 200 31742 "-" "PostmanRuntime/7.43.3"
::1 - - [01/Apr/2025:11:30:09 +0000] "GET /api/v1/books HTTP/1.1" 200 31742 "-" "PostmanRuntime/7.43.3"
::1 - - [01/Apr/2025:11:30:16 +0000] "PUT /api/v1/books/67ebb602fbb6311b6bb8ec0f HTTP/1.1" 200 1821 "-" "PostmanRuntime/7.43.3"
::1 - - [01/Apr/2025:11:33:28 +0000] "PUT /api/v1/books/67ebb602fbb6311b6bb8ec0f/photo HTTP/1.1" - - "-" "PostmanRuntime/7.43.3"
::1 - - [01/Apr/2025:11:34:27 +0000] "PUT /api/v1/books/67ebb602fbb6311b6bb8ec0f/photo HTTP/1.1" - - "-" "PostmanRuntime/7.43.3"
::1 - - [01/Apr/2025:11:36:51 +0000] "PUT /api/v1/books/67ebb602fbb6311b6bb8ec0f/photo HTTP/1.1" 500 28 "-" "PostmanRuntime/7.43.3"
::1 - - [01/Apr/2025:11:36:55 +0000] "PUT /api/v1/books/67ebb602fbb6311b6bb8ec0f/photo HTTP/1.1" 400 44 "-" "PostmanRuntime/7.43.3"
::1 - - [01/Apr/2025:11:39:13 +0000] "PUT /api/v1/books/67ebb602fbb6311b6bb8ec0f/photo HTTP/1.1" 400 44 "-" "PostmanRuntime/7.43.3"
::1 - - [01/Apr/2025:11:42:34 +0000] "PUT /api/v1/books/67ebb602fbb6311b6bb8ec0f/photo HTTP/1.1" 400 44 "-" "PostmanRuntime/7.43.3"
::1 - - [01/Apr/2025:11:42:51 +0000] "PUT /api/v1/books/67ebb602fbb6311b6bb8ec0f/photo HTTP/1.1" 400 44 "-" "PostmanRuntime/7.43.3"
::1 - - [01/Apr/2025:11:43:04 +0000] "PUT /api/v1/books/67ebb602fbb6311b6bb8ec0f/photo HTTP/1.1" 200 - "-" "PostmanRuntime/7.43.3"
::1 - - [01/Apr/2025:11:43:11 +0000] "PUT /api/v1/books/67ebb602fbb6311b6bb8ec0f/photo HTTP/1.1" 200 - "-" "PostmanRuntime/7.43.3"
::1 - - [01/Apr/2025:11:43:33 +0000] "GET /api/v1/books HTTP/1.1" 200 31691 "-" "PostmanRuntime/7.43.3"
::1 - - [01/Apr/2025:11:44:09 +0000] "GET /api/v1/books HTTP/1.1" 200 31691 "-" "PostmanRuntime/7.43.3"
::1 - - [01/Apr/2025:11:44:24 +0000] "PUT /api/v1/books/67ebb602fbb6311b6bb8ec0f/photo HTTP/1.1" 200 - "-" "PostmanRuntime/7.43.3"
::1 - - [01/Apr/2025:11:44:33 +0000] "PUT /api/v1/books/67ebb602fbb6311b6bb8ec0f/photo HTTP/1.1" 400 44 "-" "PostmanRuntime/7.43.3"
::1 - - [01/Apr/2025:11:49:16 +0000] "PUT /api/v1/books/67ebb602fbb6311b6bb8ec0f/photo HTTP/1.1" 400 44 "-" "PostmanRuntime/7.43.3"
::1 - - [01/Apr/2025:11:54:08 +0000] "PUT /api/v1/books/67ebb602fbb6311b6bb8ec0f/photo HTTP/1.1" 400 44 "-" "PostmanRuntime/7.43.3"
::1 - - [01/Apr/2025:11:59:02 +0000] "PUT /api/v1/books/67ebb602fbb6311b6bb8ec0f/photo HTTP/1.1" 400 67 "-" "PostmanRuntime/7.43.3"
::1 - - [01/Apr/2025:11:59:21 +0000] "PUT /api/v1/books/67ebb602fbb6311b6bb8ec0f/photo HTTP/1.1" 200 - "-" "PostmanRuntime/7.43.3"
::1 - - [01/Apr/2025:12:02:48 +0000] "PUT /api/v1/books/67ebb602fbb6311b6bb8ec0f/photo HTTP/1.1" 200 - "-" "PostmanRuntime/7.43.3"
::1 - - [01/Apr/2025:12:03:07 +0000] "PUT /api/v1/books/67ebb602fbb6311b6bb8ec0f/photo HTTP/1.1" 400 89 "-" "PostmanRuntime/7.43.3"
::1 - - [01/Apr/2025:12:08:20 +0000] "PUT /api/v1/books/67ebb602fbb6311b6bb8ec0f/photo HTTP/1.1" 200 - "-" "PostmanRuntime/7.43.3"
::1 - - [01/Apr/2025:12:08:56 +0000] "PUT /api/v1/books/67ebb602fbb6311b6bb8ec0f/photo HTTP/1.1" 500 80 "-" "PostmanRuntime/7.43.3"
::1 - - [01/Apr/2025:12:09:26 +0000] "PUT /api/v1/books/67ebb602fbb6311b6bb8ec0f/photo HTTP/1.1" 200 - "-" "PostmanRuntime/7.43.3"
::1 - - [01/Apr/2025:12:15:21 +0000] "PUT /api/v1/books/67ebb602fbb6311b6bb8ec0f/photo HTTP/1.1" 200 - "-" "PostmanRuntime/7.43.3"
::1 - - [01/Apr/2025:12:15:44 +0000] "PUT /api/v1/books/67ebb602fbb6311b6bb8ec0f/photo HTTP/1.1" 400 89 "-" "PostmanRuntime/7.43.3"
::1 - - [01/Apr/2025:12:16:03 +0000] "PUT /api/v1/books/67ebb602fbb6311b6bb8ec0f/photo HTTP/1.1" 400 89 "-" "PostmanRuntime/7.43.3"
::1 - - [01/Apr/2025:12:16:11 +0000] "PUT /api/v1/books/67ebb602fbb6311b6bb8ec0f/photo HTTP/1.1" 400 89 "-" "PostmanRuntime/7.43.3"
::1 - - [01/Apr/2025:12:16:56 +0000] "PUT /api/v1/books/67ebb602fbb6311b6bb8ec0f/photo HTTP/1.1" 200 - "-" "PostmanRuntime/7.43.3"
::1 - - [01/Apr/2025:12:22:03 +0000] "PUT /api/v1/books/67ebb602fbb6311b6bb8ec0f/photo HTTP/1.1" 200 60 "-" "PostmanRuntime/7.43.3"
::1 - - [01/Apr/2025:12:27:19 +0000] "PUT /api/v1/books/67ebb602fbb6311b6bb8ec0f HTTP/1.1" 200 1794 "-" "PostmanRuntime/7.43.3"
::1 - - [01/Apr/2025:12:28:39 +0000] "PUT /api/v1/books/67ebb602fbb6311b6bb8ec0f HTTP/1.1" 200 1794 "-" "PostmanRuntime/7.43.3"
::1 - - [01/Apr/2025:12:29:12 +0000] "PUT /api/v1/books/67ebb602fbb6311b6bb8ec0f/photo HTTP/1.1" 500 80 "-" "PostmanRuntime/7.43.3"
::1 - - [01/Apr/2025:12:29:18 +0000] "PUT /api/v1/books/67ebb602fbb6311b6bb8ec0f/photo HTTP/1.1" 500 80 "-" "PostmanRuntime/7.43.3"
::1 - - [01/Apr/2025:12:29:28 +0000] "PUT /api/v1/books/67ebb602fbb6311b6bb8ec0f/photo HTTP/1.1" 200 60 "-" "PostmanRuntime/7.43.3"
::1 - - [01/Apr/2025:12:29:54 +0000] "GET /api/v1/books/67ebb602fbb6311b6bb8ec0f HTTP/1.1" 200 1794 "-" "PostmanRuntime/7.43.3"
::1 - - [01/Apr/2025:12:30:29 +0000] "GET /api/v1/books/67ebb602fbb6311b6bb8ec0f HTTP/1.1" 200 1794 "-" "PostmanRuntime/7.43.3"
::1 - - [01/Apr/2025:12:30:33 +0000] "PUT /api/v1/books/67ebb602fbb6311b6bb8ec0f/photo HTTP/1.1" 200 60 "-" "PostmanRuntime/7.43.3"
::1 - - [01/Apr/2025:12:37:31 +0000] "PUT /api/v1/books/67ebb602fbb6311b6bb8ec0f/photo HTTP/1.1" 200 60 "-" "PostmanRuntime/7.43.3"
::1 - - [01/Apr/2025:12:37:58 +0000] "GET /api/v1/books/67ebb602fbb6311b6bb8ec0f HTTP/1.1" 200 1815 "-" "PostmanRuntime/7.43.3"
