::1 - - [19/Feb/2025:13:49:45 +0000] "POST /api/v1/categories/ HTTP/1.1" 400 334 "-" "PostmanRuntime/7.43.0"
::1 - - [19/Feb/2025:13:49:53 +0000] "GET /api/v1/categories/ HTTP/1.1" 200 668 "-" "PostmanRuntime/7.43.0"
::1 - - [19/Feb/2025:13:50:06 +0000] "GET /api/v1/categories/67b1f3010fffb5734b7bd1f4 HTTP/1.1" 200 227 "-" "PostmanRuntime/7.43.0"
::1 - - [19/Feb/2025:13:50:09 +0000] "GET /api/v1/categories/67b1f3010fffb5734b7bd1f421 HTTP/1.1" 500 145 "-" "PostmanRuntime/7.43.0"
::1 - - [19/Feb/2025:14:00:30 +0000] "GET /api/v1/categories/67b1f3010fffb5734b7bd1f421 HTTP/1.1" 500 145 "-" "PostmanRuntime/7.43.0"
::1 - - [19/Feb/2025:14:00:53 +0000] "GET /api/v1/categories/67b1f3010fffb5734b7bd1f421 HTTP/1.1" 500 145 "-" "PostmanRuntime/7.43.0"
::1 - - [19/Feb/2025:14:01:22 +0000] "GET /api/v1/categories/67b1f3010fffb5734b7bd1f421 HTTP/1.1" 500 145 "-" "PostmanRuntime/7.43.0"
::1 - - [19/Feb/2025:14:29:32 +0000] "GET /api/v1/categories/67b1f3010fffb5734b7bd1f421 HTTP/1.1" 500 145 "-" "PostmanRuntime/7.43.0"
::1 - - [19/Feb/2025:14:30:05 +0000] "GET /api/v1/categories/ HTTP/1.1" 200 668 "-" "PostmanRuntime/7.43.0"
::1 - - [19/Feb/2025:14:30:14 +0000] "GET /api/v1/categories/67b1f3010fffb5734b7bd1f4 HTTP/1.1" 200 227 "-" "PostmanRuntime/7.43.0"
::1 - - [19/Feb/2025:14:30:23 +0000] "GET /api/v1/categories/67b1f3010fffb5734b7bd1f5 HTTP/1.1" 400 95 "-" "PostmanRuntime/7.43.0"
::1 - - [19/Feb/2025:14:48:45 +0000] "GET /api/v1/categories/67b1f3010fffb5734b7bd1f4 HTTP/1.1" 200 227 "-" "PostmanRuntime/7.43.0"
::1 - - [19/Feb/2025:14:48:47 +0000] "GET /api/v1/categories/67b1f3010fffb5734b7bd1f5 HTTP/1.1" 400 95 "-" "PostmanRuntime/7.43.0"
::1 - - [19/Feb/2025:14:48:50 +0000] "GET /api/v1/categories/67b1f3010fffb5734b7bd1f4324234 HTTP/1.1" 500 149 "-" "PostmanRuntime/7.43.0"
::1 - - [19/Feb/2025:14:49:14 +0000] "GET /api/v1/categories/67b1f3010fffb5734b7bd1f5 HTTP/1.1" 400 95 "-" "PostmanRuntime/7.43.0"
::1 - - [19/Feb/2025:14:51:13 +0000] "PUT /api/v1/categories/67b1f3010fffb5734b7bd1f2 HTTP/1.1" 400 95 "-" "PostmanRuntime/7.43.0"
::1 - - [19/Feb/2025:15:03:44 +0000] "GET /api/v1/categories/ HTTP/1.1" 200 668 "-" "PostmanRuntime/7.43.0"
::1 - - [19/Feb/2025:15:03:49 +0000] "GET /api/v1/categories/67b36214f69cf667ef0db55e HTTP/1.1" 200 170 "-" "PostmanRuntime/7.43.0"
::1 - - [19/Feb/2025:15:04:09 +0000] "GET /api/v1/categories/67b36214f69cf667ef0db55b HTTP/1.1" 403 95 "-" "PostmanRuntime/7.43.0"
::1 - - [19/Feb/2025:15:14:36 +0000] "GET /api/v1/categories/67b36214f69cf667ef0db55b HTTP/1.1" 400 95 "-" "PostmanRuntime/7.43.0"
::1 - - [19/Feb/2025:15:14:41 +0000] "GET /api/v1/categories/67b36214f69cf667ef0db55bfewfewfwe HTTP/1.1" 500 152 "-" "PostmanRuntime/7.43.0"
::1 - - [19/Feb/2025:15:16:04 +0000] "GET /api/v1/categories/67b36214f69cf667ef0db55b HTTP/1.1" 400 95 "-" "PostmanRuntime/7.43.0"
::1 - - [20/Feb/2025:05:12:19 +0000] "GET /api/v1/categories/ HTTP/1.1" 200 668 "-" "PostmanRuntime/7.43.0"
::1 - - [21/Feb/2025:06:52:56 +0000] "GET / HTTP/1.1" 404 139 "-" "Mozilla/5.0 (Windows NT 10.0; Win64; x64) AppleWebKit/537.36 (KHTML, like Gecko) Chrome/133.0.0.0 Safari/537.36"
::1 - - [21/Feb/2025:06:53:13 +0000] "GET /api/v1/categories HTTP/1.1" 500 91 "-" "Mozilla/5.0 (Windows NT 10.0; Win64; x64) AppleWebKit/537.36 (KHTML, like Gecko) Chrome/133.0.0.0 Safari/537.36"
::1 - - [21/Feb/2025:06:53:23 +0000] "GET /api/v1/categories HTTP/1.1" 500 91 "-" "Mozilla/5.0 (Windows NT 10.0; Win64; x64) AppleWebKit/537.36 (KHTML, like Gecko) Chrome/133.0.0.0 Safari/537.36"
::1 - - [21/Feb/2025:06:53:24 +0000] "GET /favicon.ico HTTP/1.1" 404 150 "http://localhost:5000/api/v1/categories" "Mozilla/5.0 (Windows NT 10.0; Win64; x64) AppleWebKit/537.36 (KHTML, like Gecko) Chrome/133.0.0.0 Safari/537.36"
::1 - - [21/Feb/2025:07:03:52 +0000] "GET /api/v1/categories HTTP/1.1" 200 668 "-" "Mozilla/5.0 (Windows NT 10.0; Win64; x64) AppleWebKit/537.36 (KHTML, like Gecko) Chrome/133.0.0.0 Safari/537.36"
::1 - - [21/Feb/2025:07:19:48 +0000] "GET /api/v1/categories/gg HTTP/1.1" 500 121 "-" "Mozilla/5.0 (Windows NT 10.0; Win64; x64) AppleWebKit/537.36 (KHTML, like Gecko) Chrome/133.0.0.0 Safari/537.36"
::1 - - [21/Feb/2025:07:20:45 +0000] "GET /api/v1/categories/ HTTP/1.1" 200 668 "-" "Mozilla/5.0 (Windows NT 10.0; Win64; x64) AppleWebKit/537.36 (KHTML, like Gecko) Chrome/133.0.0.0 Safari/537.36"
::1 - - [21/Feb/2025:07:21:09 +0000] "GET /api/v1/categories/12 HTTP/1.1" 500 121 "-" "PostmanRuntime/7.43.0"
::1 - - [21/Feb/2025:07:21:42 +0000] "GET /api/v1/categories/12 HTTP/1.1" 500 33 "-" "PostmanRuntime/7.43.0"
::1 - - [21/Feb/2025:07:36:38 +0000] "GET /api/v1/categories/67b36214f69cf667ef0db55b HTTP/1.1" 400 33 "-" "PostmanRuntime/7.43.0"
::1 - - [21/Feb/2025:07:36:47 +0000] "GET /api/v1/categories/67b36214f69cf667ef0db55ba HTTP/1.1" 500 33 "-" "PostmanRuntime/7.43.0"
::1 - - [21/Feb/2025:07:36:50 +0000] "GET /api/v1/categories/67b36214f69cf667ef0db55b HTTP/1.1" 400 33 "-" "PostmanRuntime/7.43.0"
::1 - - [21/Feb/2025:07:49:19 +0000] "GET /api/v1/categories/67b36214f69cf667ef0db55b HTTP/1.1" 403 33 "-" "PostmanRuntime/7.43.0"
::1 - - [21/Feb/2025:07:49:21 +0000] "GET /api/v1/categories/67b36214f69cf667ef0db55b HTTP/1.1" 403 33 "-" "PostmanRuntime/7.43.0"
::1 - - [21/Feb/2025:07:49:31 +0000] "GET /api/v1/categories/67b36214f69cf667ef0db55b HTTP/1.1" 404 33 "-" "PostmanRuntime/7.43.0"
::1 - - [21/Feb/2025:16:32:37 +0000] "GET /api/v1/categories/67b36214f69cf667ef0db55bfwfewf HTTP/1.1" 500 33 "-" "PostmanRuntime/7.43.0"
::1 - - [21/Feb/2025:16:33:04 +0000] "GET /api/v1/categories/67b36214f69cf667ef0db55bfwfewf HTTP/1.1" 500 336 "-" "PostmanRuntime/7.43.0"
::1 - - [21/Feb/2025:16:33:34 +0000] "GET /api/v1/categories/67b36214f69cf667ef0db55bfwfewf HTTP/1.1" 500 149 "-" "PostmanRuntime/7.43.0"
::1 - - [21/Feb/2025:16:33:47 +0000] "GET /api/v1/categories/67b36214f69cf667ef0db55bfwfewf HTTP/1.1" 500 149 "-" "PostmanRuntime/7.43.0"
::1 - - [21/Feb/2025:16:36:39 +0000] "GET /api/v1/categories/67b36214f69cf667ef0db55bfwfewf HTTP/1.1" 400 76 "-" "PostmanRuntime/7.43.0"
::1 - - [21/Feb/2025:16:38:13 +0000] "POST /api/v1/categories/ HTTP/1.1" 500 210 "-" "PostmanRuntime/7.43.0"
::1 - - [21/Feb/2025:16:38:55 +0000] "POST /api/v1/categories/ HTTP/1.1" 500 861 "-" "PostmanRuntime/7.43.0"
::1 - - [21/Feb/2025:16:40:17 +0000] "GET /api/v1/categories/67b36214f69cf667ef0db55bfwfewf HTTP/1.1" 400 263 "-" "PostmanRuntime/7.43.0"
::1 - - [21/Feb/2025:16:44:26 +0000] "POST /api/v1/categories/ HTTP/1.1" 500 553 "-" "PostmanRuntime/7.43.0"
::1 - - [21/Feb/2025:16:46:24 +0000] "POST /api/v1/categories/ HTTP/1.1" 500 335 "-" "PostmanRuntime/7.43.0"
::1 - - [21/Feb/2025:16:50:11 +0000] "POST /api/v1/categories/ HTTP/1.1" 400 434 "-" "PostmanRuntime/7.43.0"
::1 - - [21/Feb/2025:16:50:22 +0000] "POST /api/v1/categories/ HTTP/1.1" 400 434 "-" "PostmanRuntime/7.43.0"
::1 - - [24/Feb/2025:13:48:48 +0000] "GET /api/v1/categories/67b36214f69cf667ef0db55bfwfewf HTTP/1.1" 500 183 "-" "PostmanRuntime/7.43.0"
::1 - - [24/Feb/2025:13:49:00 +0000] "GET /api/v1/categories/67b36214f69cf667ef0db55b HTTP/1.1" 400 44 "-" "PostmanRuntime/7.43.0"
::1 - - [24/Feb/2025:13:49:03 +0000] "GET /api/v1/categories/67b36214f69cf667ef0db55b HTTP/1.1" 400 44 "-" "PostmanRuntime/7.43.0"
::1 - - [24/Feb/2025:13:49:05 +0000] "GET /api/v1/categories/67b36214f69cf667ef0db55 HTTP/1.1" 500 169 "-" "PostmanRuntime/7.43.0"
::1 - - [24/Feb/2025:13:49:08 +0000] "GET /api/v1/categories/67b36214f69cf667ef0 HTTP/1.1" 500 161 "-" "PostmanRuntime/7.43.0"
::1 - - [24/Feb/2025:13:49:12 +0000] "GET /api/v1/categories/12 HTTP/1.1" 500 127 "-" "PostmanRuntime/7.43.0"
::1 - - [24/Feb/2025:13:49:16 +0000] "GET /api/v1/categories/ HTTP/1.1" 200 668 "-" "PostmanRuntime/7.43.0"
::1 - - [24/Feb/2025:13:49:23 +0000] "GET /api/v1/categories/67b1f3010fffb5734b7bd1f4 HTTP/1.1" 200 227 "-" "PostmanRuntime/7.43.0"
::1 - - [24/Feb/2025:13:49:26 +0000] "GET /api/v1/categories/67b1f3010fffb5734b7bd1f4b HTTP/1.1" 500 173 "-" "PostmanRuntime/7.43.0"
::1 - - [24/Feb/2025:13:49:29 +0000] "GET /api/v1/categories/67b1f3010fffb5734b7bd1fb HTTP/1.1" 400 44 "-" "PostmanRuntime/7.43.0"
::1 - - [24/Feb/2025:13:49:55 +0000] "GET /api/v1/categories/67b1f3010fffb5734b7bd1fb HTTP/1.1" 400 44 "-" "PostmanRuntime/7.43.0"
::1 - - [24/Feb/2025:13:50:01 +0000] "GET /api/v1/categories/67b1f3010fffb5734b7bd1fbn HTTP/1.1" 500 173 "-" "PostmanRuntime/7.43.0"
::1 - - [24/Feb/2025:13:50:06 +0000] "GET /api/v1/categories/67b1f3010fffb5734b7bd112 HTTP/1.1" 400 44 "-" "PostmanRuntime/7.43.0"
::1 - - [24/Feb/2025:14:07:01 +0000] "POST /api/v1/categories/ HTTP/1.1" 200 168 "-" "PostmanRuntime/7.43.0"
::1 - - [24/Feb/2025:14:09:29 +0000] "POST /api/v1/categories/ HTTP/1.1" 400 425 "-" "PostmanRuntime/7.43.0"
::1 - - [24/Feb/2025:14:30:07 +0000] "GET /api/v1/categories/ HTTP/1.1" 200 813 "-" "PostmanRuntime/7.43.0"
::1 - - [24/Feb/2025:14:49:05 +0000] "GET /api/v1/categories/ HTTP/1.1" 200 813 "-" "PostmanRuntime/7.43.0"
::1 - - [24/Feb/2025:14:51:29 +0000] "GET /api/v1/categories/ HTTP/1.1" 200 26 "-" "PostmanRuntime/7.43.0"
::1 - - [24/Feb/2025:14:51:50 +0000] "GET /api/v1/categories/ HTTP/1.1" 200 813 "-" "PostmanRuntime/7.43.0"
