::1 - - [26/Feb/2025:01:04:53 +0000] "GET /api/v1/categories/ HTTP/1.1" 200 1097 "-" "PostmanRuntime/7.43.0"
::1 - - [26/Feb/2025:01:05:48 +0000] "POST /api/v1/categories/ HTTP/1.1" 200 269 "-" "PostmanRuntime/7.43.0"
::1 - - [26/Feb/2025:01:09:16 +0000] "POST /api/v1/categories?name=%D0%A3%D1%80%D0%B0%D0%BD_&averagePrice=10000 HTTP/1.1" 400 446 "-" "PostmanRuntime/7.43.0"
::1 - - [26/Feb/2025:01:10:08 +0000] "POST /api/v1/categories?name=%D0%A3%D1%80%D0%B0%D0%BD_&averagePrice=10000 HTTP/1.1" 400 446 "-" "PostmanRuntime/7.43.0"
::1 - - [26/Feb/2025:01:10:29 +0000] "POST /api/v1/categories?name=%D0%A3%D1%80%D0%B0%D0%BD_&averagePrice=10000 HTTP/1.1" 200 274 "-" "PostmanRuntime/7.43.0"
::1 - - [26/Feb/2025:01:12:02 +0000] "GET /api/v1/categories HTTP/1.1" 200 1594 "-" "PostmanRuntime/7.43.0"
::1 - - [26/Feb/2025:01:12:17 +0000] "GET /api/v1/categories?name=React HTTP/1.1" 200 26 "-" "PostmanRuntime/7.43.0"
::1 - - [26/Feb/2025:01:12:23 +0000] "GET /api/v1/categories?name=ReactJS HTTP/1.1" 200 224 "-" "PostmanRuntime/7.43.0"
::1 - - [26/Feb/2025:01:15:42 +0000] "GET /api/v1/categories?averagePrice[$gte]=40000 HTTP/1.1" 200 26 "-" "PostmanRuntime/7.43.0"
::1 - - [26/Feb/2025:01:16:06 +0000] "GET /api/v1/categories HTTP/1.1" 200 1594 "-" "PostmanRuntime/7.43.0"
::1 - - [26/Feb/2025:01:16:45 +0000] "PUT /api/v1/categories/67b1f3010fffb5734b7bd1f4 HTTP/1.1" 200 282 "-" "PostmanRuntime/7.43.0"
::1 - - [26/Feb/2025:01:17:04 +0000] "PUT /api/v1/categories/67b1f3010fffb5734b7bd1f4 HTTP/1.1" 200 283 "-" "PostmanRuntime/7.43.0"
::1 - - [26/Feb/2025:01:17:33 +0000] "GET /api/v1/categories?avaragePrice[$gte]=40000 HTTP/1.1" 200 285 "-" "PostmanRuntime/7.43.0"
::1 - - [26/Feb/2025:01:18:42 +0000] "GET /api/v1/categories?avaragePrice[$lt]=40000 HTTP/1.1" 200 1335 "-" "PostmanRuntime/7.43.0"
::1 - - [26/Feb/2025:01:18:53 +0000] "GET /api/v1/categories?avaragePrice[$lt]=10000 HTTP/1.1" 200 928 "-" "PostmanRuntime/7.43.0"
::1 - - [26/Feb/2025:01:19:25 +0000] "GET /api/v1/categories?avaragePrice[$lt]=10000&avaregaRating[$gte]=7 HTTP/1.1" 200 26 "-" "PostmanRuntime/7.43.0"
::1 - - [26/Feb/2025:01:19:28 +0000] "GET /api/v1/categories?avaragePrice[$lt]=10000&avaregaRating[$gte]=5 HTTP/1.1" 200 26 "-" "PostmanRuntime/7.43.0"
::1 - - [26/Feb/2025:01:19:30 +0000] "GET /api/v1/categories?avaragePrice[$lt]=10000&avaregaRating[$gte]=2 HTTP/1.1" 200 26 "-" "PostmanRuntime/7.43.0"
::1 - - [26/Feb/2025:01:19:44 +0000] "GET /api/v1/categories?avaragePrice[$lt]=10000&averageRating[$gte]=2 HTTP/1.1" 200 928 "-" "PostmanRuntime/7.43.0"
::1 - - [26/Feb/2025:01:19:54 +0000] "GET /api/v1/categories?avaragePrice[$lt]=10000&averageRating[$gte]=5 HTTP/1.1" 200 729 "-" "PostmanRuntime/7.43.0"
::1 - - [26/Feb/2025:01:19:58 +0000] "GET /api/v1/categories?avaragePrice[$lt]=10000&averageRating[$gte]=7 HTTP/1.1" 200 478 "-" "PostmanRuntime/7.43.0"
::1 - - [26/Feb/2025:15:31:36 +0000] "GET /api/v1/categories?avaragePrice[$lt]=10000&averageRating[$gte]=7 HTTP/1.1" 200 478 "-" "PostmanRuntime/7.43.0"
::1 - - [26/Feb/2025:15:32:29 +0000] "GET /api/v1/categories?select=name%20slug%20 HTTP/1.1" 200 26 "-" "PostmanRuntime/7.43.0"
::1 - - [26/Feb/2025:15:32:33 +0000] "GET /api/v1/categories?select=name%20slug HTTP/1.1" 200 26 "-" "PostmanRuntime/7.43.0"
::1 - - [26/Feb/2025:15:41:23 +0000] "GET /api/v1/categories?select=name%20slug HTTP/1.1" 200 537 "-" "PostmanRuntime/7.43.0"
::1 - - [26/Feb/2025:15:42:04 +0000] "GET /api/v1/categories?select=name%20slug%20averageRating HTTP/1.1" 200 666 "-" "PostmanRuntime/7.43.0"
::1 - - [26/Feb/2025:15:42:48 +0000] "GET /api/v1/categories?select=name%20slug%20averageRating&averageRating[$gt]=5 HTTP/1.1" 200 392 "-" "PostmanRuntime/7.43.0"
::1 - - [26/Feb/2025:15:43:03 +0000] "GET /api/v1/categories?select=name%20slug%20averageRating&averageRating[$lt]=10 HTTP/1.1" 200 390 "-" "PostmanRuntime/7.43.0"
::1 - - [26/Feb/2025:15:44:59 +0000] "GET /api/v1/categories?select=name%20slug%20averageRating&averageRating[$lt]=10&sort=name HTTP/1.1" 200 26 "-" "PostmanRuntime/7.43.0"
::1 - - [26/Feb/2025:15:48:10 +0000] "GET /api/v1/categories?select=name%20slug%20averageRating&averageRating[$lt]=10&sort=name HTTP/1.1" 200 390 "-" "PostmanRuntime/7.43.0"
::1 - - [26/Feb/2025:15:48:31 +0000] "GET /api/v1/categories?select=name%20slug%20averageRating&averageRating[$lt]=10&sort=-name HTTP/1.1" 200 390 "-" "PostmanRuntime/7.43.0"
::1 - - [26/Feb/2025:15:48:44 +0000] "GET /api/v1/categories?select=name%20slug%20averageRating&averageRating[$lt]=10&sort=name HTTP/1.1" 200 390 "-" "PostmanRuntime/7.43.0"
::1 - - [26/Feb/2025:15:50:37 +0000] "GET /api/v1/categories?select=name%20slug%20averageRating&averageRating[$lt]=10&sort=avarageRating HTTP/1.1" 200 390 "-" "PostmanRuntime/7.43.0"
::1 - - [26/Feb/2025:15:51:09 +0000] "GET /api/v1/categories?select=name%20slug%20averageRating&averageRating[$gt]=4&sort=avarageRating HTTP/1.1" 200 579 "-" "PostmanRuntime/7.43.0"
::1 - - [26/Feb/2025:15:52:35 +0000] "PUT /api/v1/categories/67b36244f69cf667ef0db563 HTTP/1.1" 200 231 "-" "PostmanRuntime/7.43.0"
::1 - - [26/Feb/2025:15:52:42 +0000] "GET /api/v1/categories?select=name%20slug%20averageRating&averageRating[$gt]=4&sort=avarageRating HTTP/1.1" 200 577 "-" "PostmanRuntime/7.43.0"
::1 - - [26/Feb/2025:15:52:58 +0000] "PUT /api/v1/categories/67b36244f69cf667ef0db563 HTTP/1.1" 200 236 "-" "PostmanRuntime/7.43.0"
::1 - - [26/Feb/2025:15:53:02 +0000] "GET /api/v1/categories?select=name%20slug%20averageRating&averageRating[$gt]=4&sort=avarageRating HTTP/1.1" 200 582 "-" "PostmanRuntime/7.43.0"
::1 - - [26/Feb/2025:15:53:27 +0000] "GET /api/v1/categories?select=name%20slug%20averagePrice%20averageRating&averageRating[$gt]=4&sort=avarageRating HTTP/1.1" 200 582 "-" "PostmanRuntime/7.43.0"
::1 - - [26/Feb/2025:15:53:38 +0000] "GET /api/v1/categories?select=name%20slug%20avaragePrice%20averageRating&averageRating[$gt]=4&sort=avarageRating HTTP/1.1" 200 705 "-" "PostmanRuntime/7.43.0"
::1 - - [26/Feb/2025:15:53:51 +0000] "GET /api/v1/categories?select=name%20slug%20avaragePrice%20averageRating&averageRating[$gt]=4&sort=-avarageRating HTTP/1.1" 200 705 "-" "PostmanRuntime/7.43.0"
::1 - - [26/Feb/2025:15:54:22 +0000] "GET /api/v1/categories?select=name%20slug%20avaragePrice%20averageRating&averageRating[$gt]=4&sort=-avarageRating%20avaragePrice HTTP/1.1" 200 705 "-" "PostmanRuntime/7.43.0"
::1 - - [26/Feb/2025:15:54:34 +0000] "GET /api/v1/categories?select=name%20slug%20avaragePrice%20averageRating&averageRating[$gt]=4&sort=-avarageRating%20%20-avaragePrice HTTP/1.1" 500 28 "-" "PostmanRuntime/7.43.0"
::1 - - [26/Feb/2025:15:54:38 +0000] "GET /api/v1/categories?select=name%20slug%20avaragePrice%20averageRating&averageRating[$gt]=4&sort=-avarageRating%20-avaragePrice HTTP/1.1" 200 705 "-" "PostmanRuntime/7.43.0"
