GET / 404 139 - 11.566 ms
GET /api/v1/categories?select=name 200 481 - 318.157 ms
GET /favicon.ico 404 150 - 2.389 ms
GET /api/v1/verify-captcha 404 160 - 8.695 ms
GET /api/v1/verify-captcha 404 160 - 5.475 ms
GET /api/v1/verify-captcha 404 160 - 1.906 ms
GET /api/v1/verify-captcha 404 160 - 1.214 ms
GET /api/v1/verify-captcha 404 160 - 6.172 ms
GET /api/v1/verify-captcha 404 160 - 0.971 ms
GET /api/v1/categories 200 1419 - 359.870 ms
GET /api/v1/verify-captcha 404 160 - 4.457 ms
POST /api/v1/verify-captcha 404 161 - 1.749 ms
GET /api/v1/categories 200 1419 - 305.651 ms
GET /api/v1/verify-captcha 404 160 - 1.136 ms
GET /api/v1/verify-captcha 404 160 - 0.906 ms
GET /api/v1/verify-captcha 404 160 - 1.091 ms
GET /api/v1/users/ 500 45 - 22.418 ms
GET /api/v1/users/ 500 41 - 3.347 ms
POST /api/v1/users/login/ 200 325 - 394.871 ms
GET /api/v1/users/ 403 158 - 14.764 ms
GET /api/v1/users/68235149bf375c46f3ba3c52/books 500 41 - 2.390 ms
GET /api/v1/users/68235186bf375c46f3ba3c54/books 500 41 - 2.490 ms
POST /api/v1/users/login/ 200 323 - 296.438 ms
GET /api/v1/users/ 200 524 - 304.320 ms
POST /api/v1/users/forgot-password 400 87 - 159.908 ms
POST /api/v1/users/register 200 434 - 276.014 ms
POST /api/v1/users/forgot-password 500 72 - 176.815 ms
POST /api/v1/users/forgot-password 500 72 - 160.529 ms
POST /api/v1/users/forgot-password 200 129 - 167.744 ms
POST /api/v1/users/forgot-password 200 93 - 177.225 ms
POST /api/v1/users/forgot-password 200 60 - 153.849 ms
POST /api/v1/users/forgot-password 200 100 - 130.118 ms
POST /api/v1/users/forgot-password 500 61 - 158.620 ms
POST /api/v1/users/forgot-password 200 50 - 135.692 ms
POST /api/v1/users/forgot-password 200 50 - 157.264 ms
POST /api/v1/users/forgot-password 200 100 - 178.155 ms
POST /api/v1/users/forgot-password 200 100 - 151.889 ms
POST /api/v1/users/forgot-password 200 100 - 204.402 ms
POST /api/v1/users/forgot-password 200 100 - 149.237 ms
POST /api/v1/users/forgot-password 200 100 - 135.903 ms
POST /api/v1/users/forgot-password 200 100 - 162.852 ms
POST /api/v1/users/forgot-password 200 100 - 140.254 ms
POST /api/v1/users/forgot-password 200 100 - 161.696 ms
POST /api/v1/users/forgot-password 200 101 - 135.018 ms
POST /api/v1/users/forgot-password 200 101 - 300.646 ms
POST /api/v1/users/forgot-password 200 112 - 305.024 ms
POST /api/v1/users/forgot-password 200 168 - 374.050 ms
POST /api/v1/users/forgot-password 200 72 - 309.320 ms
