::1 - - [17/Feb/2025:16:01:26 +0000] "GET /api/v1/categories/67b35abd48cfb0daf1b5b78 HTTP/1.1" 400 315 "-" "PostmanRuntime/7.43.0"
::1 - - [17/Feb/2025:16:01:32 +0000] "GET /api/v1/categories/67b35abd48cfb0daf1b5b78e HTTP/1.1" 200 169 "-" "PostmanRuntime/7.43.0"
::1 - - [17/Feb/2025:16:01:38 +0000] "GET /api/v1/categories/7b35abd48cfb0daf1b5b78e HTTP/1.1" 400 315 "-" "PostmanRuntime/7.43.0"
::1 - - [17/Feb/2025:16:02:47 +0000] "GET /api/v1/categories/7b35abd48cfb0daf1b5b78e HTTP/1.1" 400 315 "-" "PostmanRuntime/7.43.0"
::1 - - [17/Feb/2025:16:03:10 +0000] "GET /api/v1/categories/7b35abd48cfb0daf1b5b78e HTTP/1.1" 400 315 "-" "PostmanRuntime/7.43.0"
::1 - - [17/Feb/2025:16:03:14 +0000] "GET /api/v1/categories/7b35abd48cfb0daf1b5b78e HTTP/1.1" 400 315 "-" "PostmanRuntime/7.43.0"
::1 - - [17/Feb/2025:16:03:19 +0000] "GET /api/v1/categories/7wb35abd48cfb0daf1b5b78e HTTP/1.1" 400 318 "-" "PostmanRuntime/7.43.0"
::1 - - [17/Feb/2025:16:03:38 +0000] "GET /api/v1/categories/67b35a2af541af13759c44f1 HTTP/1.1" 200 170 "-" "PostmanRuntime/7.43.0"
::1 - - [17/Feb/2025:16:03:42 +0000] "GET /api/v1/categories/67b35a2af541af13759c44f2 HTTP/1.1" 400 95 "-" "PostmanRuntime/7.43.0"
::1 - - [17/Feb/2025:16:04:06 +0000] "DELETE /api/v1/categories/12 HTTP/1.1" 200 66 "-" "PostmanRuntime/7.43.0"
::1 - - [17/Feb/2025:16:07:17 +0000] "DELETE /api/v1/categories/67b35abd48cfb0daf1b5b78e HTTP/1.1" 200 169 "-" "PostmanRuntime/7.43.0"
::1 - - [17/Feb/2025:16:07:26 +0000] "GET /api/v1/categories/ HTTP/1.1" 200 596 "-" "PostmanRuntime/7.43.0"
::1 - - [17/Feb/2025:16:07:35 +0000] "DELETE /api/v1/categories/67b1f5270fffb5734b7bd1fa HTTP/1.1" 200 235 "-" "PostmanRuntime/7.43.0"
::1 - - [17/Feb/2025:16:07:39 +0000] "GET /api/v1/categories/ HTTP/1.1" 200 384 "-" "PostmanRuntime/7.43.0"
::1 - - [17/Feb/2025:16:11:12 +0000] "PUT /api/v1/categories/12 HTTP/1.1" 200 70 "-" "PostmanRuntime/7.43.0"
::1 - - [17/Feb/2025:16:14:09 +0000] "GET /api/v1/categories/67b1f3010fffb5734b7bd1f4 HTTP/1.1" 200 235 "-" "PostmanRuntime/7.43.0"
::1 - - [17/Feb/2025:16:14:13 +0000] "GET /api/v1/categories/67b1f3010fffb5734b7bd1f3 HTTP/1.1" 400 95 "-" "PostmanRuntime/7.43.0"
::1 - - [17/Feb/2025:16:14:16 +0000] "GET /api/v1/categories/67b1f3010fffb5734b7bd1f4 HTTP/1.1" 200 235 "-" "PostmanRuntime/7.43.0"
::1 - - [17/Feb/2025:16:14:28 +0000] "DELETE /api/v1/categories/67b35a2af541af13759c44f1 HTTP/1.1" 200 170 "-" "PostmanRuntime/7.43.0"
::1 - - [17/Feb/2025:16:14:32 +0000] "DELETE /api/v1/categories/67b35a2af541af13759c44f2 HTTP/1.1" 400 95 "-" "PostmanRuntime/7.43.0"
::1 - - [17/Feb/2025:16:14:36 +0000] "GET /api/v1/categories/ HTTP/1.1" 200 237 "-" "PostmanRuntime/7.43.0"
::1 - - [17/Feb/2025:16:18:57 +0000] "PUT /api/v1/categories/67b1f3010fffb5734b7bd1f4 HTTP/1.1" 200 222 "-" "PostmanRuntime/7.43.0"
::1 - - [17/Feb/2025:16:19:06 +0000] "GET /api/v1/categories/ HTTP/1.1" 200 224 "-" "PostmanRuntime/7.43.0"
::1 - - [17/Feb/2025:16:20:16 +0000] "PUT /api/v1/categories/67b1f3010fffb5734b7bd1f4 HTTP/1.1" 200 227 "-" "PostmanRuntime/7.43.0"
::1 - - [17/Feb/2025:16:21:40 +0000] "POST /api/v1/categories/ HTTP/1.1" 200 170 "-" "PostmanRuntime/7.43.0"
::1 - - [17/Feb/2025:16:21:58 +0000] "POST /api/v1/categories/ HTTP/1.1" 200 167 "-" "PostmanRuntime/7.43.0"
::1 - - [17/Feb/2025:16:22:04 +0000] "GET /api/v1/categories/ HTTP/1.1" 200 520 "-" "PostmanRuntime/7.43.0"
::1 - - [17/Feb/2025:16:22:28 +0000] "POST /api/v1/categories/ HTTP/1.1" 200 171 "-" "PostmanRuntime/7.43.0"
::1 - - [17/Feb/2025:16:22:35 +0000] "GET /api/v1/categories/ HTTP/1.1" 200 668 "-" "PostmanRuntime/7.43.0"
::1 - - [18/Feb/2025:08:10:57 +0000] "GET /api/v1/categories/67b1f3010fffb5734b7bd1f4 HTTP/1.1" 200 227 "-" "PostmanRuntime/7.43.0"
::1 - - [18/Feb/2025:08:11:04 +0000] "GET /api/v1/categories/67b1f3010fffb5734b7bd1f3 HTTP/1.1" 400 95 "-" "PostmanRuntime/7.43.0"
::1 - - [18/Feb/2025:08:11:55 +0000] "GET /api/v1/categories/67b1f3010fffb5734b7bd1f3 HTTP/1.1" 400 28 "-" "PostmanRuntime/7.43.0"
::1 - - [18/Feb/2025:08:12:38 +0000] "GET /api/v1/categories/67b1f3010fffb5734b7bd1f4 HTTP/1.1" 200 227 "-" "PostmanRuntime/7.43.0"
::1 - - [18/Feb/2025:08:12:45 +0000] "GET /api/v1/categories/67b1f3010fffb5734b7bd1f8132 HTTP/1.1" 500 1495 "-" "PostmanRuntime/7.43.0"
::1 - - [18/Feb/2025:08:33:32 +0000] "GET /api/v1/categories/67b1f3010fffb5734b7bd1f8132 HTTP/1.1" 500 146 "-" "PostmanRuntime/7.43.0"
::1 - - [18/Feb/2025:15:01:25 +0000] "GET /api/v1/categories/67b1f3010fffb5734b7bd1f8132 HTTP/1.1" 500 146 "-" "PostmanRuntime/7.43.0"
