::1 - - [06/Mar/2025:13:43:10 +0000] "GET /api/v1/books HTTP/1.1" 200 29952 "-" "PostmanRuntime/7.43.0"
::1 - - [11/Mar/2025:12:33:14 +0000] "GET /api/v1/books HTTP/1.1" 200 29952 "-" "PostmanRuntime/7.43.0"
::1 - - [11/Mar/2025:12:33:58 +0000] "GET /api/v1/categories?select=name HTTP/1.1" 200 354 "-" "PostmanRuntime/7.43.0"
::1 - - [11/Mar/2025:12:34:07 +0000] "GET /api/v1/categories/67c6d5f508a776731b877a7c HTTP/1.1" 400 44 "-" "PostmanRuntime/7.43.0"
::1 - - [11/Mar/2025:12:35:27 +0000] "GET /api/v1/categories?select=name%20slug%20averagePrice%20averageRating&averageRating[$gt]=2&sort=-averageRating%20-averagePrice HTTP/1.1" 200 334 "-" "PostmanRuntime/7.43.0"
::1 - - [11/Mar/2025:12:41:57 +0000] "GET /api/v1/books HTTP/1.1" 200 29952 "-" "PostmanRuntime/7.43.0"
::1 - - [11/Mar/2025:13:03:54 +0000] "GET /api/v1/categories/5e96cc1ba816c94e009a9c9e/books HTTP/1.1" 200 7161 "-" "PostmanRuntime/7.43.0"
::1 - - [11/Mar/2025:13:51:05 +0000] "GET /api/v1/books HTTP/1.1" 200 29952 "-" "PostmanRuntime/7.43.0"
::1 - - [11/Mar/2025:13:59:08 +0000] "GET /api/v1/books HTTP/1.1" 200 30888 "-" "PostmanRuntime/7.43.0"
::1 - - [11/Mar/2025:14:04:36 +0000] "GET /api/v1/books HTTP/1.1" 200 30935 "-" "PostmanRuntime/7.43.0"
::1 - - [11/Mar/2025:14:06:11 +0000] "GET /api/v1/books HTTP/1.1" 200 30935 "-" "PostmanRuntime/7.43.0"
::1 - - [11/Mar/2025:14:14:52 +0000] "GET /api/v1/categories/67c6d5f508a776731b877a7c HTTP/1.1" 400 44 "-" "PostmanRuntime/7.43.0"
::1 - - [11/Mar/2025:14:15:10 +0000] "GET /api/v1/categories?select=name%20id HTTP/1.1" 200 482 "-" "PostmanRuntime/7.43.0"
::1 - - [11/Mar/2025:14:15:24 +0000] "GET /api/v1/categories/5e90434cd433fa11b078ed8a HTTP/1.1" 200 8447 "-" "PostmanRuntime/7.43.0"
::1 - - [13/Mar/2025:08:25:29 +0000] "GET /api/v1/categories?select=name%20id HTTP/1.1" 200 482 "-" "PostmanRuntime/7.43.0"
::1 - - [13/Mar/2025:08:36:51 +0000] "GET /api/v1/categories/5e90434cd433fa11b078ed8a HTTP/1.1" 200 8447 "-" "PostmanRuntime/7.43.0"
::1 - - [13/Mar/2025:08:45:42 +0000] "GET /api/v1/categories?select=name HTTP/1.1" 200 482 "-" "Mozilla/5.0 (Windows NT 10.0; Win64; x64) AppleWebKit/537.36 (KHTML, like Gecko) Chrome/134.0.0.0 Safari/537.36"
::1 - - [13/Mar/2025:08:45:43 +0000] "GET /favicon.ico HTTP/1.1" 404 150 "http://localhost:5000/api/v1/categories?select=name" "Mozilla/5.0 (Windows NT 10.0; Win64; x64) AppleWebKit/537.36 (KHTML, like Gecko) Chrome/134.0.0.0 Safari/537.36"
::1 - - [13/Mar/2025:08:47:37 +0000] "GET /api/v1/ HTTP/1.1" 404 146 "-" "Mozilla/5.0 (Windows NT 10.0; Win64; x64) AppleWebKit/537.36 (KHTML, like Gecko) Chrome/134.0.0.0 Safari/537.36"
::1 - - [13/Mar/2025:08:47:41 +0000] "GET /api/v1/categories?select=name HTTP/1.1" 304 - "-" "Mozilla/5.0 (Windows NT 10.0; Win64; x64) AppleWebKit/537.36 (KHTML, like Gecko) Chrome/134.0.0.0 Safari/537.36"
::1 - - [13/Mar/2025:08:48:01 +0000] "GET /api/v1/categories?select=price?[gt=20] HTTP/1.1" 200 362 "-" "Mozilla/5.0 (Windows NT 10.0; Win64; x64) AppleWebKit/537.36 (KHTML, like Gecko) Chrome/134.0.0.0 Safari/537.36"
::1 - - [13/Mar/2025:08:48:09 +0000] "GET /api/v1/categories?select=name%20id HTTP/1.1" 200 482 "-" "PostmanRuntime/7.43.0"
::1 - - [13/Mar/2025:08:48:29 +0000] "GET /api/v1/categories?select=averagePrice?[gt=20] HTTP/1.1" 200 362 "-" "Mozilla/5.0 (Windows NT 10.0; Win64; x64) AppleWebKit/537.36 (KHTML, like Gecko) Chrome/134.0.0.0 Safari/537.36"
::1 - - [13/Mar/2025:08:48:36 +0000] "GET /api/v1/categories?select=averagePrice[gt=20] HTTP/1.1" 200 362 "-" "Mozilla/5.0 (Windows NT 10.0; Win64; x64) AppleWebKit/537.36 (KHTML, like Gecko) Chrome/134.0.0.0 Safari/537.36"
::1 - - [13/Mar/2025:08:49:06 +0000] "GET /api/v1/categories?select=averagePrice?[$gt20] HTTP/1.1" 200 362 "-" "Mozilla/5.0 (Windows NT 10.0; Win64; x64) AppleWebKit/537.36 (KHTML, like Gecko) Chrome/134.0.0.0 Safari/537.36"
::1 - - [13/Mar/2025:08:49:11 +0000] "GET /api/v1/categories?select=averagePrice[$gt20] HTTP/1.1" 200 362 "-" "Mozilla/5.0 (Windows NT 10.0; Win64; x64) AppleWebKit/537.36 (KHTML, like Gecko) Chrome/134.0.0.0 Safari/537.36"
::1 - - [13/Mar/2025:08:49:22 +0000] "GET /api/v1/categories?select=averagePrice[$gt]=20 HTTP/1.1" 200 95 "-" "Mozilla/5.0 (Windows NT 10.0; Win64; x64) AppleWebKit/537.36 (KHTML, like Gecko) Chrome/134.0.0.0 Safari/537.36"
::1 - - [13/Mar/2025:08:49:30 +0000] "GET /api/v1/categories? HTTP/1.1" 200 1418 "-" "PostmanRuntime/7.43.0"
::1 - - [13/Mar/2025:08:49:38 +0000] "GET /api/v1/categories?select=averagePrice[$gt]=1000 HTTP/1.1" 200 95 "-" "Mozilla/5.0 (Windows NT 10.0; Win64; x64) AppleWebKit/537.36 (KHTML, like Gecko) Chrome/134.0.0.0 Safari/537.36"
::1 - - [13/Mar/2025:08:50:00 +0000] "GET /api/v1/categories?select=averagePrice[$gt]=1000&sort=avaragePrice HTTP/1.1" 200 95 "-" "Mozilla/5.0 (Windows NT 10.0; Win64; x64) AppleWebKit/537.36 (KHTML, like Gecko) Chrome/134.0.0.0 Safari/537.36"
::1 - - [13/Mar/2025:08:50:12 +0000] "GET /api/v1/categories?select=name%20averagePrice[$gt]=1000&sort=avaragePrice HTTP/1.1" 200 95 "-" "Mozilla/5.0 (Windows NT 10.0; Win64; x64) AppleWebKit/537.36 (KHTML, like Gecko) Chrome/134.0.0.0 Safari/537.36"
::1 - - [13/Mar/2025:08:50:46 +0000] "GET /api/v1/categories?select=name%20averagePrice[$gt]=1000&sort=avaragePrice HTTP/1.1" 200 95 "-" "PostmanRuntime/7.43.0"
::1 - - [13/Mar/2025:08:50:56 +0000] "GET /api/v1/categories?select=name%20averagePrice[$gt]=1000&sort=avaragePrice HTTP/1.1" 200 95 "-" "PostmanRuntime/7.43.0"
::1 - - [13/Mar/2025:08:51:05 +0000] "GET /api/v1/categories?select=name?averagePrice[$gt]=1000&sort=avaragePrice HTTP/1.1" 200 95 "-" "PostmanRuntime/7.43.0"
::1 - - [13/Mar/2025:08:51:10 +0000] "GET /api/v1/categories?select=nameaveragePrice[$gt]=1000&sort=avaragePrice& HTTP/1.1" 200 95 "-" "PostmanRuntime/7.43.0"
::1 - - [13/Mar/2025:08:51:19 +0000] "GET /api/v1/categories?select=name&averagePrice[$gt]=1000&sort=avaragePrice HTTP/1.1" 200 482 "-" "PostmanRuntime/7.43.0"
::1 - - [13/Mar/2025:08:51:32 +0000] "GET /api/v1/categories?select=name&averagePrice[$gt]=1000&sort=-avaragePrice HTTP/1.1" 200 482 "-" "PostmanRuntime/7.43.0"
::1 - - [13/Mar/2025:08:51:46 +0000] "GET /api/v1/categories?select=name HTTP/1.1" 304 - "-" "Mozilla/5.0 (Windows NT 10.0; Win64; x64) AppleWebKit/537.36 (KHTML, like Gecko) Chrome/134.0.0.0 Safari/537.36"
::1 - - [13/Mar/2025:08:59:20 +0000] "GET /api/v1/categories/5e90434cd433fa11b078ed8a HTTP/1.1" 200 8447 "-" "PostmanRuntime/7.43.0"
::1 - - [13/Mar/2025:09:04:48 +0000] "GET /api/v1/categories?page=2&limit=5&sort=name&select=name,price HTTP/1.1" 500 28 "-" "PostmanRuntime/7.43.0"
::1 - - [13/Mar/2025:09:05:07 +0000] "GET /api/v1/categories?page=2&limit=5&sort=name&select=name,averagePrice HTTP/1.1" 500 28 "-" "PostmanRuntime/7.43.0"
::1 - - [13/Mar/2025:09:05:18 +0000] "GET /api/v1/categories?sort=name&select=name,averagePrice HTTP/1.1" 500 28 "-" "PostmanRuntime/7.43.0"
::1 - - [13/Mar/2025:09:05:40 +0000] "GET /api/v1/categories?sort=name&select=name,averagePrice HTTP/1.1" 200 362 "-" "PostmanRuntime/7.43.0"
::1 - - [13/Mar/2025:09:05:48 +0000] "GET /api/v1/categories?page=2&limit=5&sort=name&select=name,averagePrice HTTP/1.1" 200 106 "-" "PostmanRuntime/7.43.0"
::1 - - [13/Mar/2025:09:06:05 +0000] "GET /api/v1/categories?select=name%20slug%20averagePrice%20averageRating&averageRating[$gt]=2&sort=-averageRating%20-averagePrice HTTP/1.1" 200 398 "-" "PostmanRuntime/7.43.0"
::1 - - [13/Mar/2025:09:17:43 +0000] "GET /api/v1/categories/5e90434cd433fa11b078ed8a HTTP/1.1" 200 8447 "-" "PostmanRuntime/7.43.0"
::1 - - [13/Mar/2025:09:34:43 +0000] "GET /api/v1/categories/5e90434cd433fa11b078ed8a HTTP/1.1" 200 8447 "-" "PostmanRuntime/7.43.0"
::1 - - [13/Mar/2025:09:35:41 +0000] "GET /api/v1/categories/5e90434cd433fa11b078ed8a HTTP/1.1" 200 1823 "-" "PostmanRuntime/7.43.0"
::1 - - [13/Mar/2025:09:38:45 +0000] "GET /api/v1/books HTTP/1.1" 200 31511 "-" "PostmanRuntime/7.43.0"
::1 - - [13/Mar/2025:09:42:16 +0000] "GET /api/v1/categories/5e96cc1ba816c94e009a9c9e/books HTTP/1.1" 200 7389 "-" "PostmanRuntime/7.43.0"
::1 - - [13/Mar/2025:09:42:30 +0000] "GET /api/v1/categories/5e96cc1ba816c94e009a9c9e HTTP/1.1" 200 2227 "-" "PostmanRuntime/7.43.0"
::1 - - [13/Mar/2025:09:43:08 +0000] "GET /api/v1/categories HTTP/1.1" 200 1418 "-" "PostmanRuntime/7.43.0"
::1 - - [13/Mar/2025:09:44:18 +0000] "GET /api/v1/categories/books HTTP/1.1" 500 133 "-" "PostmanRuntime/7.43.0"
::1 - - [13/Mar/2025:09:44:28 +0000] "GET /api/v1/categories/5e96cc1ba816c94e009a9c9e/books HTTP/1.1" 200 7389 "-" "PostmanRuntime/7.43.0"
::1 - - [13/Mar/2025:10:06:39 +0000] "GET /api/v1/books HTTP/1.1" 200 31511 "-" "PostmanRuntime/7.43.0"
::1 - - [13/Mar/2025:10:06:43 +0000] "GET /api/v1/categories/5e96cc1ba816c94e009a9c9e/books HTTP/1.1" 200 7389 "-" "PostmanRuntime/7.43.0"
::1 - - [13/Mar/2025:10:34:13 +0000] "GET /api/v1/categories/5e96cc1ba816c94e009a9c9e/books HTTP/1.1" 200 7389 "-" "PostmanRuntime/7.43.0"
::1 - - [14/Mar/2025:06:44:03 +0000] "GET /api/v1/categories/5e90434cd433fa11b078ed8a HTTP/1.1" 200 1823 "-" "PostmanRuntime/7.43.0"
::1 - - [14/Mar/2025:06:46:15 +0000] "GET /api/v1/categories/5e90434cd433fa11b078ed8a HTTP/1.1" 200 1824 "-" "PostmanRuntime/7.43.0"
::1 - - [14/Mar/2025:06:48:46 +0000] "GET /api/v1/categories?select=name HTTP/1.1" 200 482 "-" "PostmanRuntime/7.43.0"
::1 - - [14/Mar/2025:06:52:01 +0000] "GET /api/v1/categories HTTP/1.1" 200 1418 "-" "PostmanRuntime/7.43.0"
::1 - - [14/Mar/2025:06:52:19 +0000] "GET /api/v1/categories/5e90434cd433fa11b078ed8a HTTP/1.1" 200 1824 "-" "PostmanRuntime/7.43.0"
::1 - - [14/Mar/2025:06:52:28 +0000] "GET /api/v1/categories HTTP/1.1" 200 1418 "-" "PostmanRuntime/7.43.0"
::1 - - [14/Mar/2025:06:52:45 +0000] "GET /api/v1/categories/5e90434cd433fa11b078ed8a HTTP/1.1" 200 1824 "-" "PostmanRuntime/7.43.0"
::1 - - [14/Mar/2025:06:52:47 +0000] "GET /api/v1/categories/5e90434cd433fa11b078ed8a HTTP/1.1" 200 1827 "-" "PostmanRuntime/7.43.0"
::1 - - [14/Mar/2025:06:52:50 +0000] "GET /api/v1/categories HTTP/1.1" 200 1422 "-" "PostmanRuntime/7.43.0"
::1 - - [14/Mar/2025:06:54:46 +0000] "DELETE /api/v1/categories/5e90434cd433fa11b078ed8a HTTP/1.1" 200 364 "-" "PostmanRuntime/7.43.0"
::1 - - [14/Mar/2025:06:59:28 +0000] "DELETE /api/v1/categories/5e90434cd433fa11b078ed8a HTTP/1.1" 400 44 "-" "PostmanRuntime/7.43.0"
::1 - - [14/Mar/2025:06:59:42 +0000] "DELETE /api/v1/categories/5e96cc1ba816c94e009a9c9e HTTP/1.1" 500 28 "-" "PostmanRuntime/7.43.0"
::1 - - [14/Mar/2025:07:00:06 +0000] "DELETE /api/v1/categories/5e90478549941f52dcb01b34 HTTP/1.1" 500 28 "-" "PostmanRuntime/7.43.0"
::1 - - [14/Mar/2025:07:00:18 +0000] "GET /api/v1/categories HTTP/1.1" 200 1081 "-" "PostmanRuntime/7.43.0"
::1 - - [14/Mar/2025:07:00:34 +0000] "DELETE /api/v1/categories/5e96cc1ba816c94e009a9c9e HTTP/1.1" 500 28 "-" "PostmanRuntime/7.43.0"
::1 - - [14/Mar/2025:07:14:15 +0000] "GET /api/v1/books HTTP/1.1" 200 30941 "-" "PostmanRuntime/7.43.0"
::1 - - [14/Mar/2025:07:19:34 +0000] "GET /api/v1/books HTTP/1.1" 200 31729 "-" "PostmanRuntime/7.43.0"
::1 - - [14/Mar/2025:07:19:42 +0000] "GET /api/v1/categories HTTP/1.1" 200 1416 "-" "PostmanRuntime/7.43.0"
::1 - - [14/Mar/2025:07:19:51 +0000] "DELETE /api/v1/categories/5e90434cd433fa11b078ed8a HTTP/1.1" 500 28 "-" "PostmanRuntime/7.43.0"
::1 - - [14/Mar/2025:07:22:15 +0000] "DELETE /api/v1/categories/5e90434cd433fa11b078ed8a HTTP/1.1" 200 359 "-" "PostmanRuntime/7.43.0"
::1 - - [14/Mar/2025:07:22:21 +0000] "GET /api/v1/books HTTP/1.1" 200 31729 "-" "PostmanRuntime/7.43.0"
::1 - - [14/Mar/2025:07:23:38 +0000] "GET /api/v1/categories/5e90434cd433fa11b078ed8a HTTP/1.1" 200 2388 "-" "PostmanRuntime/7.43.0"
::1 - - [14/Mar/2025:07:36:52 +0000] "DELETE /api/v1/categories/5e90434cd433fa11b078ed8a HTTP/1.1" 500 28 "-" "PostmanRuntime/7.43.0"
::1 - - [14/Mar/2025:07:36:59 +0000] "GET /api/v1/books HTTP/1.1" 200 31734 "-" "PostmanRuntime/7.43.0"
::1 - - [14/Mar/2025:07:42:40 +0000] "GET /api/v1/categories HTTP/1.1" 200 1417 "-" "PostmanRuntime/7.43.0"
::1 - - [14/Mar/2025:07:42:46 +0000] "DELETE /api/v1/categories/5e90434cd433fa11b078ed8a HTTP/1.1" 500 28 "-" "PostmanRuntime/7.43.0"
::1 - - [14/Mar/2025:07:44:01 +0000] "DELETE /api/v1/categories/5e90434cd433fa11b078ed8a HTTP/1.1" 500 28 "-" "PostmanRuntime/7.43.0"
::1 - - [14/Mar/2025:07:45:30 +0000] "DELETE /api/v1/categories/5e90434cd433fa11b078ed8a HTTP/1.1" 200 360 "-" "PostmanRuntime/7.43.0"
::1 - - [14/Mar/2025:07:45:34 +0000] "GET /api/v1/books HTTP/1.1" 200 23138 "-" "PostmanRuntime/7.43.0"
::1 - - [23/Mar/2025:04:36:32 +0000] "GET /api/v1/categories?select=name HTTP/1.1" 200 384 "-" "Mozilla/5.0 (Windows NT 10.0; Win64; x64) AppleWebKit/537.36 (KHTML, like Gecko) Chrome/134.0.0.0 Safari/537.36"
::1 - - [23/Mar/2025:04:36:33 +0000] "GET /favicon.ico HTTP/1.1" 404 150 "http://localhost:5000/api/v1/categories?select=name" "Mozilla/5.0 (Windows NT 10.0; Win64; x64) AppleWebKit/537.36 (KHTML, like Gecko) Chrome/134.0.0.0 Safari/537.36"
::1 - - [23/Mar/2025:04:36:41 +0000] "GET /api/v1/books HTTP/1.1" 200 23138 "-" "Mozilla/5.0 (Windows NT 10.0; Win64; x64) AppleWebKit/537.36 (KHTML, like Gecko) Chrome/134.0.0.0 Safari/537.36"
::1 - - [23/Mar/2025:05:09:45 +0000] "GET /api/v1/categories HTTP/1.1" 200 1080 "-" "PostmanRuntime/7.43.2"
::1 - - [23/Mar/2025:05:12:16 +0000] "GET /api/v1/categories HTTP/1.1" 200 1080 "-" "PostmanRuntime/7.43.2"
::1 - - [23/Mar/2025:05:14:13 +0000] "GET /api/v1/categories/5e90434cd433fa11b078ed8a HTTP/1.1" 400 44 "-" "PostmanRuntime/7.43.2"
::1 - - [23/Mar/2025:05:14:23 +0000] "GET /api/v1/categories/5e96cc1ba816c94e009a9c9e HTTP/1.1" 200 2158 "-" "PostmanRuntime/7.43.2"
::1 - - [23/Mar/2025:05:31:08 +0000] "GET /api/v1/books HTTP/1.1" 200 23142 "-" "PostmanRuntime/7.43.2"
::1 - - [23/Mar/2025:05:31:46 +0000] "GET /api/v1/books/67d3d85ff66a84d624585db5 HTTP/1.1" 404 176 "-" "PostmanRuntime/7.43.2"
::1 - - [23/Mar/2025:05:31:58 +0000] "GET /api/v1/categories/5e96cc1ba816c94e009a9c9e/ HTTP/1.1" 200 2160 "-" "PostmanRuntime/7.43.2"
::1 - - [23/Mar/2025:05:32:28 +0000] "GET /api/v1/books HTTP/1.1" 200 23146 "-" "PostmanRuntime/7.43.2"
::1 - - [23/Mar/2025:06:11:19 +0000] "GET /api/v1/categories HTTP/1.1" 200 1083 "-" "PostmanRuntime/7.43.2"
::1 - - [23/Mar/2025:06:11:33 +0000] "DELETE /api/v1/categories/5e9047fd49941f52dcb01b35 HTTP/1.1" 200 386 "-" "PostmanRuntime/7.43.2"
::1 - - [23/Mar/2025:06:11:46 +0000] "GET /api/v1/categories HTTP/1.1" 200 720 "-" "PostmanRuntime/7.43.2"
::1 - - [23/Mar/2025:06:12:07 +0000] "DELETE /api/v1/categories/5e9047fd49941f52dcb01b35 HTTP/1.1" 200 321 "-" "PostmanRuntime/7.43.2"
::1 - - [23/Mar/2025:06:12:13 +0000] "GET /api/v1/categories HTTP/1.1" 200 422 "-" "PostmanRuntime/7.43.2"
::1 - - [23/Mar/2025:06:13:14 +0000] "GET /api/v1/books HTTP/1.1" 200 7899 "-" "PostmanRuntime/7.43.2"
::1 - - [23/Mar/2025:08:05:13 +0000] "GET /api/v1/categories/5e96cc1ba816c94e009a9c9e/ HTTP/1.1" 400 44 "-" "PostmanRuntime/7.43.2"
::1 - - [23/Mar/2025:08:12:01 +0000] "GET /api/v1/categories/5e96cc1ba816c94e009a9c9e/ HTTP/1.1" 200 2159 "-" "PostmanRuntime/7.43.2"
::1 - - [23/Mar/2025:08:12:08 +0000] "GET /api/v1/books HTTP/1.1" 200 31737 "-" "PostmanRuntime/7.43.2"
::1 - - [23/Mar/2025:08:12:17 +0000] "GET /api/v1/categories/67dfc0e09e4659fa9dfc20bd/ HTTP/1.1" 400 44 "-" "PostmanRuntime/7.43.2"
::1 - - [23/Mar/2025:08:12:28 +0000] "GET /api/v1/books/67dfc0e09e4659fa9dfc20bd/ HTTP/1.1" 500 28 "-" "PostmanRuntime/7.43.2"
::1 - - [23/Mar/2025:08:12:44 +0000] "GET /api/v1/books/67dfc0e09e4659fa9dfc20bd HTTP/1.1" 500 28 "-" "PostmanRuntime/7.43.2"
::1 - - [23/Mar/2025:08:13:56 +0000] "GET /api/v1/books/67dfc0e09e4659fa9dfc20bd HTTP/1.1" 200 2064 "-" "PostmanRuntime/7.43.2"
::1 - - [23/Mar/2025:08:24:50 +0000] "POST /api/v1/books/ HTTP/1.1" 200 797 "-" "PostmanRuntime/7.43.2"
::1 - - [23/Mar/2025:08:24:59 +0000] "POST /api/v1/books/ HTTP/1.1" 500 573 "-" "PostmanRuntime/7.43.2"
::1 - - [23/Mar/2025:08:25:04 +0000] "GET /api/v1/books/ HTTP/1.1" 200 32604 "-" "PostmanRuntime/7.43.2"
::1 - - [23/Mar/2025:08:34:27 +0000] "GET /api/v1/categories HTTP/1.1" 200 1418 "-" "PostmanRuntime/7.43.2"
::1 - - [23/Mar/2025:08:34:53 +0000] "GET /api/v1/categories/5e90478549941f52dcb01b34%0A HTTP/1.1" 500 176 "-" "PostmanRuntime/7.43.2"
::1 - - [23/Mar/2025:08:35:27 +0000] "GET /api/v1/categories/5e90478549941f52dcb01b34%0A HTTP/1.1" 500 176 "-" "PostmanRuntime/7.43.2"
::1 - - [23/Mar/2025:08:35:28 +0000] "GET /api/v1/categories/5e90478549941f52dcb01b34%0A HTTP/1.1" 500 176 "-" "PostmanRuntime/7.43.2"
::1 - - [23/Mar/2025:08:35:44 +0000] "GET /api/v1/categories/5e90478549941f52dcb01b34%0A HTTP/1.1" 500 176 "-" "PostmanRuntime/7.43.2"
::1 - - [23/Mar/2025:08:36:38 +0000] "GET /api/v1/categories/5e9047fd49941f52dcb01b35%0A HTTP/1.1" 500 176 "-" "PostmanRuntime/7.43.2"
::1 - - [23/Mar/2025:08:36:52 +0000] "GET /api/v1/categories/5e9047fd49941f52dcb01b35%0A HTTP/1.1" 500 176 "-" "PostmanRuntime/7.43.2"
::1 - - [23/Mar/2025:08:38:39 +0000] "GET /api/v1/categories/67dfc5514f4749a8aa8924a3%0A HTTP/1.1" 500 176 "-" "PostmanRuntime/7.43.2"
::1 - - [23/Mar/2025:08:39:09 +0000] "GET /api/v1/categories HTTP/1.1" 200 1418 "-" "PostmanRuntime/7.43.2"
::1 - - [23/Mar/2025:08:39:24 +0000] "GET /api/v1/categories/5e96cc1ba816c94e009a9c9e%0A HTTP/1.1" 500 176 "-" "PostmanRuntime/7.43.2"
::1 - - [23/Mar/2025:08:39:38 +0000] "GET /api/v1/books/ HTTP/1.1" 200 32604 "-" "PostmanRuntime/7.43.2"
::1 - - [23/Mar/2025:08:41:46 +0000] "GET /api/v1/books/5e96cc1ba816c94e009a9c9e/ HTTP/1.1" 200 26 "-" "PostmanRuntime/7.43.2"
::1 - - [23/Mar/2025:08:43:13 +0000] "GET /api/v1/categories/5e96cc1ba816c94e009a9c9e%0A HTTP/1.1" 500 176 "-" "PostmanRuntime/7.43.2"
::1 - - [23/Mar/2025:08:51:36 +0000] "GET /api/v1/categories HTTP/1.1" 200 1418 "-" "PostmanRuntime/7.43.2"
::1 - - [23/Mar/2025:08:51:44 +0000] "GET /api/v1/categories/5e90434cd433fa11b078ed8a%0A HTTP/1.1" 500 176 "-" "PostmanRuntime/7.43.2"
::1 - - [23/Mar/2025:08:52:12 +0000] "POST /api/v1/categories HTTP/1.1" 200 309 "-" "PostmanRuntime/7.43.2"
::1 - - [23/Mar/2025:08:56:06 +0000] "GET /api/v1/categories HTTP/1.1" 200 1704 "-" "PostmanRuntime/7.43.2"
::1 - - [23/Mar/2025:08:56:43 +0000] "PUT /api/v1/categories/67dfcbbbc573d7c4dcc115b5 HTTP/1.1" 200 293 "-" "PostmanRuntime/7.43.2"
::1 - - [23/Mar/2025:08:56:50 +0000] "GET /api/v1/categories HTTP/1.1" 200 1688 "-" "PostmanRuntime/7.43.2"
::1 - - [23/Mar/2025:08:57:08 +0000] "DELETE /api/v1/categories/67dfcbbbc573d7c4dcc115b5 HTTP/1.1" 200 359 "-" "PostmanRuntime/7.43.2"
::1 - - [23/Mar/2025:08:57:14 +0000] "GET /api/v1/categories HTTP/1.1" 200 1352 "-" "PostmanRuntime/7.43.2"
::1 - - [23/Mar/2025:08:57:31 +0000] "DELETE /api/v1/categories/67dfcbbbc573d7c4dcc115b5 HTTP/1.1" 200 385 "-" "PostmanRuntime/7.43.2"
::1 - - [23/Mar/2025:08:57:33 +0000] "DELETE /api/v1/categories/67dfcbbbc573d7c4dcc115b5 HTTP/1.1" 200 321 "-" "PostmanRuntime/7.43.2"
::1 - - [23/Mar/2025:08:57:35 +0000] "DELETE /api/v1/categories/67dfcbbbc573d7c4dcc115b5 HTTP/1.1" 200 351 "-" "PostmanRuntime/7.43.2"
::1 - - [23/Mar/2025:09:00:12 +0000] "DELETE /api/v1/categories/67dfcbbbc573d7c4dcc115b5 HTTP/1.1" 200 293 "-" "PostmanRuntime/7.43.2"
::1 - - [23/Mar/2025:09:00:16 +0000] "GET /api/v1/categories HTTP/1.1" 200 95 "-" "PostmanRuntime/7.43.2"
::1 - - [23/Mar/2025:09:00:24 +0000] "GET /api/v1/categories HTTP/1.1" 200 95 "-" "PostmanRuntime/7.43.2"
::1 - - [23/Mar/2025:09:01:46 +0000] "GET /api/v1/categories HTTP/1.1" 200 95 "-" "PostmanRuntime/7.43.2"
::1 - - [23/Mar/2025:09:05:56 +0000] "GET /api/v1/categories HTTP/1.1" 200 95 "-" "PostmanRuntime/7.43.2"
::1 - - [23/Mar/2025:09:06:33 +0000] "GET /api/v1/categories HTTP/1.1" 200 1417 "-" "PostmanRuntime/7.43.2"
::1 - - [23/Mar/2025:09:06:43 +0000] "GET /api/v1/categories/5e90434cd433fa11b078ed8a%0A HTTP/1.1" 500 176 "-" "PostmanRuntime/7.43.2"
::1 - - [23/Mar/2025:09:06:48 +0000] "GET /api/v1/categories/5e90434cd433fa11b078ed8a%0A HTTP/1.1" 500 176 "-" "PostmanRuntime/7.43.2"
::1 - - [23/Mar/2025:09:08:31 +0000] "GET /api/v1/categories/5e90434cd433fa11b078ed8a%0A HTTP/1.1" 500 176 "-" "PostmanRuntime/7.43.2"
::1 - - [23/Mar/2025:09:09:10 +0000] "GET /api/v1/categories HTTP/1.1" 200 1417 "-" "PostmanRuntime/7.43.2"
::1 - - [23/Mar/2025:09:10:51 +0000] "GET /api/v1/categories/67c6d5f508a776731b877a7c HTTP/1.1" 400 44 "-" "PostmanRuntime/7.43.2"
::1 - - [23/Mar/2025:09:11:02 +0000] "GET /api/v1/categories/ HTTP/1.1" 200 1417 "-" "PostmanRuntime/7.43.2"
::1 - - [23/Mar/2025:09:16:19 +0000] "GET /api/v1/categories/ HTTP/1.1" 200 1417 "-" "PostmanRuntime/7.43.2"
::1 - - [23/Mar/2025:09:29:58 +0000] "GET /api/v1/categories/ HTTP/1.1" 200 1417 "-" "PostmanRuntime/7.43.2"
::1 - - [23/Mar/2025:09:30:07 +0000] "GET /api/v1/categories/5e90434cd433fa11b078ed8a%0A HTTP/1.1" 500 176 "-" "PostmanRuntime/7.43.2"
::1 - - [23/Mar/2025:09:33:19 +0000] "GET /api/v1/categories/5e90434cd433fa11b078ed8a%0A HTTP/1.1" 500 176 "-" "PostmanRuntime/7.43.2"
::1 - - [23/Mar/2025:09:36:13 +0000] "GET /api/v1/categories/5e90434cd433fa11b078ed8a HTTP/1.1" 200 8505 "-" "PostmanRuntime/7.43.2"
::1 - - [23/Mar/2025:10:42:33 +0000] "GET /api/v1/categories/ HTTP/1.1" 200 1417 "-" "PostmanRuntime/7.43.2"
::1 - - [23/Mar/2025:10:43:09 +0000] "GET /api/v1/categories/5e90434cd433fa11b078ed8a HTTP/1.1" 200 8505 "-" "PostmanRuntime/7.43.2"
::1 - - [23/Mar/2025:10:43:39 +0000] "GET /api/v1/categories/ HTTP/1.1" 200 1417 "-" "PostmanRuntime/7.43.2"
::1 - - [23/Mar/2025:10:49:09 +0000] "GET /api/v1/categories/ HTTP/1.1" 200 1417 "-" "PostmanRuntime/7.43.2"
::1 - - [23/Mar/2025:10:49:19 +0000] "GET /api/v1/categories/5e90434cd433fa11b078ed8a HTTP/1.1" 200 8505 "-" "PostmanRuntime/7.43.2"
::1 - - [23/Mar/2025:10:54:46 +0000] "GET /api/v1/categories/5e90434cd433fa11b078ed8a HTTP/1.1" 200 8505 "-" "PostmanRuntime/7.43.2"
::1 - - [23/Mar/2025:11:02:03 +0000] "GET /api/v1/books HTTP/1.1" 200 31733 "-" "PostmanRuntime/7.43.2"
::1 - - [23/Mar/2025:11:02:38 +0000] "GET /api/v1/books/5e96cc1ba816c94e009a9c9e/ HTTP/1.1" 500 28 "-" "PostmanRuntime/7.43.2"
::1 - - [23/Mar/2025:11:03:24 +0000] "GET /api/v1/books/67dfcf0cf76942bb60f1ca6e/ HTTP/1.1" 500 28 "-" "PostmanRuntime/7.43.2"
::1 - - [23/Mar/2025:11:03:26 +0000] "GET /api/v1/books/67dfcf0cf76942bb60f1ca6e/ HTTP/1.1" 500 28 "-" "PostmanRuntime/7.43.2"
::1 - - [23/Mar/2025:11:04:14 +0000] "GET /api/v1/books/67dfcf0cf76942bb60f1ca6e/ HTTP/1.1" 200 1789 "-" "PostmanRuntime/7.43.2"
::1 - - [23/Mar/2025:11:51:51 +0000] "GET /api/v1/books/67dfcf0cf76942bb60f1ca6e/categories HTTP/1.1" 404 187 "-" "PostmanRuntime/7.43.2"
::1 - - [23/Mar/2025:11:52:12 +0000] "GET /api/v1/categories/67dfcf0cf76942bb60f1ca6e/books HTTP/1.1" 200 36 "-" "PostmanRuntime/7.43.2"
::1 - - [23/Mar/2025:11:56:54 +0000] "GET /api/v1/categories/67dfcf0cf76942bb60f1ca6e/books HTTP/1.1" 200 36 "-" "PostmanRuntime/7.43.2"
::1 - - [23/Mar/2025:11:57:00 +0000] "GET /api/v1/books/ HTTP/1.1" 200 31733 "-" "PostmanRuntime/7.43.2"
::1 - - [23/Mar/2025:11:57:12 +0000] "GET /api/v1/categories/67dfcf0cf76942bb60f1ca6f/books HTTP/1.1" 200 36 "-" "PostmanRuntime/7.43.2"
::1 - - [23/Mar/2025:11:59:12 +0000] "GET /api/v1/categories/67dfcf0cf76942bb60f1ca6f/books HTTP/1.1" 200 36 "-" "PostmanRuntime/7.43.2"
::1 - - [23/Mar/2025:12:03:26 +0000] "GET /api/v1/categories/67dfcf0cf76942bb60f1ca6f/books HTTP/1.1" 200 36 "-" "PostmanRuntime/7.43.2"
::1 - - [23/Mar/2025:12:03:31 +0000] "GET /api/v1/books/ HTTP/1.1" 200 31733 "-" "PostmanRuntime/7.43.2"
::1 - - [23/Mar/2025:12:09:51 +0000] "GET /api/v1/categories/67dfcf0cf76942bb60f1ca6f/books HTTP/1.1" 200 36 "-" "PostmanRuntime/7.43.2"
::1 - - [23/Mar/2025:12:24:14 +0000] "GET /api/v1/categories/67dfcf0cf76942bb60f1ca6f/books HTTP/1.1" 200 36 "-" "PostmanRuntime/7.43.2"
::1 - - [23/Mar/2025:12:28:31 +0000] "GET /api/v1/books/67dfcf0cf76942bb60f1ca7f HTTP/1.1" 200 799 "-" "PostmanRuntime/7.43.2"
::1 - - [23/Mar/2025:12:31:30 +0000] "DELETE /api/v1/books/67dfcf0cf76942bb60f1ca7f HTTP/1.1" 200 799 "-" "PostmanRuntime/7.43.2"
::1 - - [23/Mar/2025:12:31:42 +0000] "GET /api/v1/books/67dfcf0cf76942bb60f1ca7f HTTP/1.1" 200 799 "-" "PostmanRuntime/7.43.2"
::1 - - [23/Mar/2025:12:31:45 +0000] "GET /api/v1/books/67dfcf0cf76942bb60f1ca7f HTTP/1.1" 200 799 "-" "PostmanRuntime/7.43.2"
::1 - - [23/Mar/2025:12:31:53 +0000] "GET /api/v1/books HTTP/1.1" 200 31733 "-" "PostmanRuntime/7.43.2"
::1 - - [23/Mar/2025:12:32:31 +0000] "DELETE /api/v1/books/67dfcf0cf76942bb60f1ca7f HTTP/1.1" 200 799 "-" "PostmanRuntime/7.43.2"
::1 - - [23/Mar/2025:12:32:38 +0000] "GET /api/v1/books/67dfcf0cf76942bb60f1ca7f HTTP/1.1" 200 799 "-" "PostmanRuntime/7.43.2"
::1 - - [23/Mar/2025:12:33:55 +0000] "DELETE /api/v1/books/67dfcf0cf76942bb60f1ca7f HTTP/1.1" 500 28 "-" "PostmanRuntime/7.43.2"
::1 - - [23/Mar/2025:12:34:07 +0000] "DELETE /api/v1/books/67dfcf0cf76942bb60f1ca7f HTTP/1.1" 200 799 "-" "PostmanRuntime/7.43.2"
::1 - - [23/Mar/2025:12:34:22 +0000] "GET /api/v1/books/67dfcf0cf76942bb60f1ca7f HTTP/1.1" 200 799 "-" "PostmanRuntime/7.43.2"
::1 - - [23/Mar/2025:12:35:44 +0000] "DELETE /api/v1/books/67dfcf0cf76942bb60f1ca7f HTTP/1.1" 200 799 "-" "PostmanRuntime/7.43.2"
::1 - - [23/Mar/2025:12:35:48 +0000] "GET /api/v1/books/67dfcf0cf76942bb60f1ca7f HTTP/1.1" 404 44 "-" "PostmanRuntime/7.43.2"
::1 - - [23/Mar/2025:12:36:03 +0000] "GET /api/v1/categories/67dfcf0cf76942bb60f1ca7f/books HTTP/1.1" 200 36 "-" "PostmanRuntime/7.43.2"
::1 - - [23/Mar/2025:12:36:07 +0000] "GET /api/v1/categories/67dfcf0cf76942bb60f1ca7f HTTP/1.1" 200 28 "-" "PostmanRuntime/7.43.2"
::1 - - [23/Mar/2025:12:36:16 +0000] "GET /api/v1/books HTTP/1.1" 200 30864 "-" "PostmanRuntime/7.43.2"
::1 - - [23/Mar/2025:12:37:12 +0000] "GET /api/v1/books/67dfcf0cf76942bb60f1ca7f HTTP/1.1" 404 44 "-" "PostmanRuntime/7.43.2"
::1 - - [23/Mar/2025:12:39:50 +0000] "PUT /api/v1/books/67dfcf0cf76942bb60f1ca7f HTTP/1.1" 404 176 "-" "PostmanRuntime/7.43.2"
::1 - - [23/Mar/2025:12:42:11 +0000] "GET /api/v1/books/67dfcf0cf76942bb60f1ca6e HTTP/1.1" 200 1789 "-" "PostmanRuntime/7.43.2"
::1 - - [23/Mar/2025:12:42:25 +0000] "PUT /api/v1/books/67dfcf0cf76942bb60f1ca6e HTTP/1.1" 500 28 "-" "PostmanRuntime/7.43.2"
::1 - - [23/Mar/2025:12:43:03 +0000] "PUT /api/v1/books/67dfcf0cf76942bb60f1ca6e HTTP/1.1" 200 1714 "-" "PostmanRuntime/7.43.2"
