POST /api/v1/users/login/ 200 285 - 530.485 ms
POST /api/v1/users/login/ 200 285 - 167.818 ms
POST /api/v1/users/login/ 200 285 - 161.728 ms
POST /api/v1/users/login/ 200 285 - 168.001 ms
POST /api/v1/categories 200 295 - 220.753 ms
GET /api/v1/categories 200 1693 - 206.571 ms
PUT /api/v1/categories/6814ec19a7e914861f6f1779 401 156 - 0.807 ms
PUT /api/v1/categories/6814ec19a7e914861f6f1779 200 276 - 214.408 ms
GET /api/v1/categories 200 1674 - 330.033 ms
POST /api/v1/users/register 200 414 - 222.347 ms
PUT /api/v1/books/67ebb602fbb6311b6bb8ec0f 400 85 - 279.566 ms
GET /api/v1/books 200 10204 - 421.193 ms
PUT /api/v1/books/67f8e205f503976f00b0eae6 200 1803 - 338.174 ms
DELETE /api/v1/books/67f8e205f503976f00b0eae6 200 1831 - 341.365 ms
DELETE /api/v1/books/67f8e205f503976f00b0eae5 200 1789 - 302.982 ms
GET /api/v1/books 200 9534 - 473.112 ms
DELETE /api/v1/books/67f8e205f503976f00b0eae7 200 1889 - 274.841 ms
DELETE /api/v1/books/67f8e205f503976f00b0eae7 404 81 - 145.649 ms
DELETE /api/v1/books/67f8e205f503976f00b0eae9 200 2216 - 255.126 ms
DELETE /api/v1/books/67f8e205f503976f00b0eae9 404 81 - 123.451 ms
DELETE /api/v1/books/67f8e205f503976f00b0eaea 200 2082 - 398.695 ms
POST /api/v1/users/login/ 200 303 - 204.055 ms
POST /api/v1/users/login/ 200 317 - 201.725 ms
POST /api/v1/books/ 403 159 - 2.588 ms
POST /api/v1/users/login/ 200 317 - 261.424 ms
POST /api/v1/books/ 403 159 - 3.780 ms
POST /api/v1/books/ 403 154 - 8.894 ms
POST /api/v1/users/login/ 200 327 - 258.605 ms
POST /api/v1/books/ 200 802 - 302.686 ms
POST /api/v1/books/ 403 158 - 7.149 ms
POST /api/v1/users/login/ 200 327 - 202.234 ms
POST /api/v1/books/ 200 797 - 320.531 ms
POST /api/v1/users/login/ 200 327 - 208.195 ms
POST /api/v1/books/ 200 840 - 291.775 ms
GET /api/v1/books 200 8224 - 442.473 ms
GET /api/v1/books?page=3 200 7021 - 418.256 ms
GET /api/v1/books?page=4 200 3645 - 403.912 ms
GET /api/v1/users/6814ebe6a7e914861f6f1772 200 121 - 150.699 ms
PUT /api/v1/books/68176b23ac772514a495f8e5 200 823 - 124.622 ms
GET /api/v1/categories?select=name 200 568 - 519.335 ms
GET /favicon.ico 404 150 - 3.885 ms
GET /api/v1/categories 200 1671 - 322.424 ms
GET /api/v1/categories/5e90478549941f52dcb01b34/books?select=name%20price&sort=-price&price[$lt]=60000&page=2 200 459 - 466.105 ms
GET /api/v1/categories/5e90478549941f52dcb01b34/books?select=name%20price&sort=-price&price[$lt]=60000&page=10 200 120 - 558.378 ms
GET /api/v1/categories/5e90478549941f52dcb01b34/books?select=name%20price&sort=-price&price[$lt]=60000&page=2 200 459 - 460.616 ms
GET /api/v1/categories 200 1671 - 366.077 ms
POST /api/v1/categories 200 290 - 272.441 ms
GET /api/v1/users/6814ebe6a7e914861f6f1772 200 121 - 251.731 ms
POST /api/v1/categories 200 285 - 220.600 ms
POST /api/v1/users/register 200 432 - 283.971 ms
GET /api/v1/users/681db776117f2724e45aa963 200 111 - 166.651 ms
POST /api/v1/categories 403 154 - 3.687 ms
GET /api/v1/categories 200 2200 - 1963.135 ms
GET /api/v1/categories/5e90434cd433fa11b078ed8a/books?select=name%20price&sort=-price&price[$lt]=60000&page=2 200 433 - 2695.826 ms
GET /api/v1/categories/5e90434cd433fa11b078ed8a 200 8507 - 512.954 ms
DELETE /api/v1/categories/5e90434cd433fa11b078ed8a 403 154 - 2.274 ms
DELETE /api/v1/categories/5e90434cd433fa11b078ed8a 403 154 - 3.080 ms
DELETE /api/v1/categories/5e90434cd433fa11b078ed8a 403 154 - 2.172 ms
DELETE /api/v1/categories/5e90434cd433fa11b078ed8a 403 154 - 1.922 ms
DELETE /api/v1/categories/5e90434cd433fa11b078ed8a 403 154 - 2.414 ms
DELETE /api/v1/categories/5e90434cd433fa11b078ed8a 403 154 - 1.863 ms
POST /api/v1/users/login/ 200 321 - 220.875 ms
DELETE /api/v1/categories/5e90434cd433fa11b078ed8a 403 158 - 1.842 ms
DELETE /api/v1/categories/5e90434cd433fa11b078ed8a 403 158 - 5.577 ms
POST /api/v1/users/register 200 442 - 253.292 ms
GET /api/v1/users/681dbdfcd6d1dcea04ad77c5 200 121 - 178.324 ms
GET /api/v1/categories 200 2200 - 377.072 ms
GET /api/v1/categories/5e90434cd433fa11b078ed8a 200 8507 - 374.742 ms
POST /api/v1/users/register 500 108 - 20.072 ms
POST /api/v1/users/register 500 108 - 14.173 ms
POST /api/v1/users/register 500 108 - 3.920 ms
POST /api/v1/users/register 200 435 - 252.951 ms
GET /api/v1/users/681dc4c4a2bfacf399f8f595 200 112 - 224.199 ms
DELETE /api/v1/categories/5e90434cd433fa11b078ed8a 200 361 - 183.854 ms
GET /api/v1/categories 200 2200 - 352.958 ms
DELETE /api/v1/categories/5e90434cd433fa11b078ed8a 200 361 - 177.469 ms
GET /api/v1/categories 200 2200 - 658.981 ms
DELETE /api/v1/categories/5e90434cd433fa11b078ed8a 200 361 - 1617.087 ms
GET /api/v1/categories 200 1862 - 360.966 ms
GET /api/v1/books?page=4 200 119 - 359.259 ms
GET /api/v1/books 200 7901 - 579.718 ms
GET /api/v1/categories/5e90434cd433fa11b078ed8a/books 200 117 - 346.084 ms
GET /api/v1/categories/5e96cc1ba816c94e009a9c9e/books 200 2041 - 710.981 ms
GET /api/v1/users/ 404 152 - 2.801 ms
POST /api/v1/users/register 400 77 - 26.890 ms
POST /api/v1/users/register 400 77 - 5.036 ms
POST /api/v1/users/register/1 404 163 - 2.202 ms
POST /api/v1/users/register/ 400 77 - 2.976 ms
POST /api/v1/users/ 200 234 - 326.018 ms
GET /api/v1/users/ 500 51 - 2.474 ms
GET /api/v1/users/ 200 650 - 1540.044 ms
GET /api/v1/users/ 200 650 - 311.551 ms
GET /api/v1/users/681db776117f2724e45aa963 200 115 - 173.113 ms
POST /api/v1/users/register 400 77 - 6.982 ms
POST /api/v1/users/register 500 100 - 25.972 ms
POST /api/v1/users/register 200 448 - 305.806 ms
POST /api/v1/users/ 200 234 - 281.113 ms
GET /api/v1/users/ 200 938 - 697.588 ms
GET /api/v1/users/ 200 938 - 291.180 ms
PUT /api/v1/users/681db776117f2724e45aa963 404 176 - 4.140 ms
PUT /api/v1/users/681db776117f2724e45aa963 200 174 - 209.107 ms
GET /api/v1/users/681db776117f2724e45aa963 200 127 - 196.663 ms
DELETE /api/v1/users/681db776117f2724e45aa963 200 174 - 287.192 ms
GET /api/v1/users/681db776117f2724e45aa963 500 96 - 139.891 ms
GET /api/v1/users/ 200 799 - 327.524 ms
DELETE /api/v1/users/681dbdfcd6d1dcea04ad77c5 200 168 - 387.796 ms
DELETE /api/v1/users/681dc4c4a2bfacf399f8f595 200 257 - 442.730 ms
GET /api/v1/users/ 200 518 - 1045.406 ms
GET /api/v1/books 200 7901 - 346.044 ms
PUT /api/v1/books/67ebb602fbb6311b6bb8ec0f 500 41 - 2.223 ms
GET /api/v1/users/ 200 518 - 208.742 ms
POST /api/v1/users/login/ 401 88 - 164.793 ms
POST /api/v1/users/login/ 401 88 - 167.159 ms
POST /api/v1/users/register 200 438 - 182.106 ms
POST /api/v1/users/login/ 200 317 - 163.667 ms
PUT /api/v1/books/67ebb602fbb6311b6bb8ec0f 403 154 - 3.369 ms
POST /api/v1/users/register 200 438 - 172.695 ms
POST /api/v1/users/login/ 200 317 - 163.460 ms
PUT /api/v1/books/67ebb602fbb6311b6bb8ec0f 400 85 - 114.163 ms
PUT /api/v1/books/67f8e205f503976f00b0eaec 200 1551 - 110.346 ms
POST /api/v1/books/ 200 844 - 222.164 ms
GET /api/v1/books 200 7770 - 314.493 ms
GET /api/v1/books?limit=10 200 14663 - 315.421 ms
GET /api/v1/books?limit=15 200 19074 - 411.717 ms
GET /api/v1/books?limit=15 200 19116 - 572.825 ms
POST /api/v1/books/ 200 837 - 312.408 ms
GET /api/v1/books?limit=15 200 19273 - 544.699 ms
