GET /api/v1/categories 200 1421 - 564.521 ms
PUT /api/v1/categories/67dfcbbbc573d7c4dcc115b5 400 95 - 153.817 ms
GET /api/v1/categories/5e90434cd433fa11b078ed8a/books?select=name%20price&sort=-price&price[$lt]=30000&page=1 200 439 - 272.182 ms
PUT /api/v1/categories?select=name%20averagePrice%20averageRating&sort=averageRating%20-averagePrice&limit=2&page=1 404 156 - 2.432 ms
GET /api/v1/categories?select=name%20averagePrice%20averageRating&sort=averageRating%20-averagePrice&limit=2&page=1 200 386 - 259.584 ms
GET /api/v1/users 404 151 - 0.889 ms
POST /api/v1/users 404 152 - 0.786 ms
POST /api/v1/users 404 152 - 4.812 ms
POST /api/v1/users/register 200 16 - 6.579 ms
POST /api/v1/users/ 200 16 - 4.443 ms
POST /api/v1/users/ 200 100 - 5.428 ms
POST /api/v1/users/ 200 115 - 284.031 ms
POST /api/v1/users/ 200 100 - 179.943 ms
POST /api/v1/users/ 400 98 - 199.858 ms
POST /api/v1/users/ 200 116 - 147.117 ms
POST /api/v1/users/ 500 100 - 9.793 ms
POST /api/v1/users/ 200 118 - 284.626 ms
POST /api/v1/users/ 200 118 - 250.321 ms
POST /api/v1/users/ 200 118 - 405.472 ms
POST /api/v1/users/ 200 118 - 13161.109 ms
POST /api/v1/users/ 200 420 - 466.978 ms
POST /api/v1/users/ 400 98 - 683.531 ms
POST /api/v1/users/ 500 111 - 10.493 ms
POST /api/v1/users/ 200 418 - 312.487 ms
GET /api/v1/users/ 500 46 - 151.208 ms
GET /api/v1/users/ 500 46 - 156.322 ms
GET /api/v1/users/6805e4e863086efb1b6c5d56 200 187 - 346.815 ms
GET /api/v1/users/6805e4e863086efb1b6c5d5 400 77 - 14.973 ms
GET /api/v1/users/login/6805e4e863086efb1b6c5d56 200 164 - 163.070 ms
GET /api/v1/users/login/6805e4e863086efb1b6c5d56 200 344 - 195.341 ms
POST /api/v1/users/login/ 200 420 - 179.385 ms
POST /api/v1/users/login/ 500 85 - 168.754 ms
POST /api/v1/users/login/ 200 433 - 608.944 ms
POST /api/v1/users/login/ 401 75 - 239.583 ms
POST /api/v1/users/login/ 200 433 - 250.449 ms
POST /api/v1/users/login/ 200 298 - 203.716 ms
POST /api/v1/users/register 200 416 - 189.631 ms
GET /api/v1/users/6805e4e863086efb1b6c5d56 404 176 - 2.416 ms
GET /api/v1/users/6805e4e863086efb1b6c5d56 404 176 - 1.426 ms
GET /api/v1/users/6805e4e863086efb1b6c5d56 404 176 - 0.501 ms
GET /api/v1/users/6805e4e863086efb1b6c5d56 500 60 - 2.678 ms
GET /api/v1/users/6805e4e863086efb1b6c5d56 500 66 - 4.939 ms
GET /api/v1/users/6805e4e863086efb1b6c5d56 200 26 - 2.217 ms
GET /api/v1/users/6805e4e863086efb1b6c5d56 200 117 - 145.163 ms
POST /api/v1/users/register 200 426 - 402.027 ms
POST /api/v1/users/login/ 200 304 - 687.377 ms
