GET /api/v1/books?limit=15 200 104 - 277.056 ms
GET /api/v1/users/ 200 94 - 237.817 ms
GET /api/v1/categories 200 94 - 216.747 ms
GET /api/v1/categories 200 1418 - 339.631 ms
GET /api/v1/books?limit=15 200 29492 - 669.036 ms
GET /api/v1/users/ 200 524 - 339.952 ms
GET /api/v1/users/681db776117f2724e45aa963 500 96 - 148.472 ms
GET /api/v1/users/ 200 524 - 279.556 ms
GET /api/v1/users/6823500413ee12c418d05102 200 121 - 145.197 ms
POST /api/v1/users/login/ 401 88 - 134.361 ms
POST /api/v1/users/login/ 200 323 - 213.406 ms
PUT /api/v1/books/6823500413ee12c418d05102 400 85 - 165.886 ms
GET /api/v1/users/681db776117f2724e45aa963/books/6823500413ee12c418d05102 404 207 - 0.804 ms
GET /api/v1/users/681db776117f2724e45aa963/books 200 117 - 273.347 ms
GET /api/v1/users/681db776117f2724e45aa963/books 200 117 - 270.820 ms
GET /api/v1/users/681db776117f2724e45aa963/books 200 117 - 279.683 ms
GET /api/v1/users/681db776117f2724e45aa963/books 401 156 - 6.347 ms
POST /api/v1/users/login/ 200 323 - 283.055 ms
GET /api/v1/users/681db776117f2724e45aa963/books 401 156 - 1.946 ms
GET /api/v1/users/681db776117f2724e45aa963/books 401 156 - 3.954 ms
POST /api/v1/users/login/ 200 323 - 306.191 ms
GET /api/v1/users/681db776117f2724e45aa963/books 401 156 - 1.678 ms
GET /api/v1/users/681db776117f2724e45aa963/books 500 41 - 2.461 ms
POST /api/v1/users/login/ 200 323 - 283.402 ms
GET /api/v1/users/681db776117f2724e45aa963/books 200 9666 - 495.861 ms
GET /api/v1/users/681db776117f2724e45aa963/books 500 41 - 5.592 ms
POST /api/v1/users/login/ 200 323 - 295.288 ms
GET /api/v1/users/681db776117f2724e45aa963/books 200 9666 - 482.572 ms
GET /api/v1/users/681db776117f2724e45aa963/books 500 41 - 1.427 ms
GET /api/v1/users/681db776117f2724e45aa963/books 500 41 - 2.222 ms
POST /api/v1/users/login/ 200 323 - 284.971 ms
GET /api/v1/users/681db776117f2724e45aa963/books 200 9666 - 451.346 ms
GET /api/v1/users/681db776117f2724e45aa963/books 500 41 - 1.080 ms
POST /api/v1/users/login/ 200 323 - 250.825 ms
GET /api/v1/users/681db776117f2724e45aa963/books 200 9666 - 432.344 ms
POST /api/v1/users/login/ 200 319 - 253.057 ms
GET /api/v1/users/681db776117f2724e45aa963/books 200 4914 - 492.982 ms
GET /api/v1/users/68235186bf375c46f3ba3c54/books 500 41 - 1.356 ms
POST /api/v1/users/login/ 200 319 - 279.069 ms
GET /api/v1/users/68235186bf375c46f3ba3c54/books 200 4914 - 457.561 ms
GET /api/v1/users/ 500 41 - 6.570 ms
POST /api/v1/users/login/ 200 323 - 232.490 ms
GET /api/v1/users/ 200 524 - 268.132 ms
GET /api/v1/books 200 11102 - 386.938 ms
POST /api/v1/users/login/ 200 323 - 223.522 ms
GET /api/v1/books 200 11102 - 410.458 ms
PUT /api/v1/books/68285c9089b69e84870728d1 200 1969 - 140.373 ms
PUT /api/v1/books/68285c9089b69e84870728d1 200 1847 - 165.731 ms
GET /api/v1/books/68285c9089b69e84870728d1 200 2050 - 278.086 ms
POST /api/v1/users/login/ 200 319 - 199.498 ms
PUT /api/v1/books/68285c9089b69e84870728d1 403 154 - 2.975 ms
POST /api/v1/users/login/ 200 325 - 237.698 ms
PUT /api/v1/books/68285c9089b69e84870728d1 200 1842 - 141.848 ms
PUT /api/v1/books/68285c9089b69e84870728d1 200 1842 - 122.974 ms
POST /api/v1/users/login/ 200 325 - 197.304 ms
POST /api/v1/users/login/ 200 323 - 189.474 ms
GET /api/v1/books 200 10975 - 378.022 ms
PUT /api/v1/books/68285c9089b69e84870728d1 200 1854 - 145.665 ms
GET /api/v1/books/68285c9089b69e84870728d1 200 2057 - 279.316 ms
POST /api/v1/users/login/ 200 319 - 232.567 ms
PUT /api/v1/books/68285c9089b69e84870728d1 403 154 - 2.786 ms
POST /api/v1/users/login/ 200 325 - 244.660 ms
PUT /api/v1/books/68285c9089b69e84870728d1 200 1851 - 159.099 ms
GET /api/v1/books/68285c9089b69e84870728d1 200 2049 - 274.196 ms
POST /api/v1/users/login/ 200 323 - 255.089 ms
POST /api/v1/users/login/ 200 323 - 171.551 ms
PUT /api/v1/books/68285c9089b69e84870728d1 200 1854 - 273.260 ms
GET /api/v1/books/68285c9089b69e84870728d1 200 2057 - 269.311 ms
GET /api/v1/books/68285c9089b69e84870728d1 200 2057 - 292.085 ms
POST /api/v1/users/login/ 200 319 - 250.739 ms
PUT /api/v1/books/68285c9089b69e84870728d1 403 154 - 3.761 ms
POST /api/v1/users/login/ 200 325 - 221.918 ms
PUT /api/v1/books/68285c9089b69e84870728d1 200 1851 - 275.747 ms
PUT /api/v1/books/68285c9089b69e84870728d1 403 158 - 6.973 ms
PUT /api/v1/books/68285c9089b69e84870728d1 200 1850 - 257.386 ms
GET /api/v1/users/68235149bf375c46f3ba3c52/books 200 11233 - 346.794 ms
POST /api/v1/users/login/ 200 323 - 235.340 ms
POST /api/v1/books/ 200 848 - 228.988 ms
PUT /api/v1/books/682878c4616e5d278d8cc180 400 98 - 215.242 ms
GET /api/v1/books/682878c4616e5d278d8cc180 200 997 - 213.512 ms
POST /api/v1/users/login/ 200 319 - 164.391 ms
PUT /api/v1/books/682878c4616e5d278d8cc180 403 154 - 2.064 ms
POST /api/v1/users/login/ 200 325 - 161.281 ms
PUT /api/v1/books/682878c4616e5d278d8cc180 403 124 - 108.739 ms
DELETE /api/v1/books/682878c4616e5d278d8cc180 403 124 - 221.767 ms
POST /api/v1/books/ 200 848 - 334.512 ms
DELETE /api/v1/books/68289c9070e4ce8335bcbfba 200 874 - 464.691 ms
